
[2022-10-07 21:49:21.522] ÿ
[2022-10-07 21:49:22.132] 
[2022-10-07 21:49:22.132] Swarm MPCIE (MPCIE) Bootloader
[2022-10-07 21:49:22.132] Copyright (c) 2019-22 Swarm Technologies, Inc
[2022-10-07 21:49:22.132] Version: 2022-05-16T21:46:13,v2.0.0
[2022-10-07 21:49:22.319] ......
[2022-10-07 21:49:25.321] Checking image MD5 in STM32 flash... valid
[2022-10-07 21:49:25.470] Identifying SPI flash... FOUND (Mfr 0x9d ISSI Type 0x6017)
[2022-10-07 21:49:25.470] Checking image MD5 in SPI flash... INVALID
[2022-10-07 21:49:25.470] Transferring control to application...
[2022-10-07 21:49:25.470] 
[2022-10-07 21:49:26.363] $M138 BOOT,POWERON,Swarm M138 (M138)*44
[2022-10-07 21:49:26.363] $M138 BOOT,POWERON,Copyright (c) 2019-22 Swarm Technologies, Inc*2d
[2022-10-07 21:49:26.363] $M138 BOOT,POWERON,LPWR=n,WWDG=n,IWDG=n,SFT=n,BOR=Y,PIN=Y,OBL=n*43
[2022-10-07 21:49:26.363] $M138 BOOT,VERSION,2022-05-16T21:45:08,v2.0.2*2f
[2022-10-07 21:49:36.006] $M138 BOOT,DEVICEID,DI=0x003431*29
[2022-10-07 21:49:36.006] $M138 BOOT,RUNNING*2a
[2022-10-07 21:49:36.006] $CMD ERR,CMD_NOTIMPLEMENTED*0d
[2022-10-07 21:49:40.995] $CS DI=0x003431,DN=M138*21
[2022-10-07 21:49:49.009] $PW 3.19300,0.00000,0.00000,0.00000,28.0*3b
[2022-10-07 21:49:54.009] $PW 3.19500,0.00000,0.00000,0.00000,28.0*3d
[2022-10-07 21:49:59.009] $PW 3.19300,0.00000,0.00000,0.00000,29.0*3a
[2022-10-07 21:50:04.009] $PW 3.19000,0.00000,0.00000,0.00000,28.0*38
[2022-10-07 21:50:09.015] $PW 3.19000,0.00000,0.00000,0.00000,28.0*38
[2022-10-07 21:50:17.015] $PW 3.18800,0.00000,0.00000,0.00000,28.0*31
[2022-10-07 21:50:22.030] $PW 3.19300,0.00000,0.00000,0.00000,29.0*3a
[2022-10-07 21:50:27.030] $PW 3.18400,0.00000,0.00000,0.00000,28.0*3d
[2022-10-07 21:50:32.030] $PW 3.19000,0.00000,0.00000,0.00000,28.0*38
[2022-10-07 21:50:37.024] $PW 3.19300,0.00000,0.00000,0.00000,28.0*3b
[2022-10-07 21:50:45.043] $PW 3.19000,0.00000,0.00000,0.00000,28.0*38
[2022-10-07 21:50:51.740] $CS DI=0x003431,DN=M138*21
[2022-10-07 21:50:51.850] $RT OK*22
[2022-10-07 21:50:51.850] $RT 0*16
[2022-10-07 21:50:51.959] $PW OK*23
[2022-10-07 21:50:51.959] $PW 0*17
[2022-10-07 21:50:52.068] $DT OK*34
[2022-10-07 21:51:09.108] $CS DI=0x003431,DN=M138*21
[2022-10-07 21:51:09.218] $RT OK*22
[2022-10-07 21:51:09.218] $RT 0*16
[2022-10-07 21:51:09.327] $PW OK*23
[2022-10-07 21:51:09.327] $PW 0*17
[2022-10-07 21:51:09.452] $DT OK*34
[2022-10-07 21:51:09.452] $DT 0*00
[2022-10-07 21:51:09.561] $GS OK*30
[2022-10-07 21:51:09.561] $GS 0*04
[2022-10-07 21:51:09.671] $GJ OK*29
[2022-10-07 21:51:09.671] $GJ 0*1d
[2022-10-07 21:51:09.796] $GN OK*2d
[2022-10-07 21:51:09.796] $GN 0*19
[2022-10-07 21:51:12.802] $PW 3.19000,0.00000,0.00000,0.00000,29.0*39
[2022-10-07 21:51:37.123] $PW 3.19300,0.00000,0.00000,0.00000,29.0*3a
[2022-10-07 21:51:40.264] $M138 DATETIME*56
[2022-10-07 21:52:00.139] $PW 3.19300,0.00000,0.00000,0.00000,29.0*3a
[2022-10-07 21:52:28.147] $PW 3.19300,0.00000,0.00000,0.00000,29.0*3a
[2022-10-07 21:52:43.906] $M138 POSITION*4e
[2022-10-07 21:52:43.906] $GN 52.2786,20.8092,128,189,4*1b
[2022-10-07 21:52:51.155] $PW 3.19300,0.00000,0.00000,0.00000,29.0*3a
[2022-10-07 21:52:56.156] $GN 52.2786,20.8092,125,354,1*11
[2022-10-07 21:53:01.171] $GN 52.2786,20.8092,127,4,1*15
[2022-10-07 21:53:19.182] $PW 3.19300,0.00000,0.00000,0.00000,29.0*3a
[2022-10-07 21:53:24.180] $GN 52.2786,20.8092,127,4,1*15
[2022-10-07 21:53:29.174] $GN 52.2786,20.8092,127,4,1*15
[2022-10-07 21:53:47.192] $PW 3.19300,0.00000,0.00000,0.00000,29.0*3a
[2022-10-07 21:53:52.192] $GN 52.2786,20.8092,199,8,1*1c
[2022-10-07 21:53:57.197] $GN 52.2786,20.8092,198,8,0*1c
[2022-10-07 21:54:15.207] $PW 3.19300,0.00000,0.00000,0.00000,29.0*3a
[2022-10-07 21:54:20.207] $GN 52.2784,20.8093,151,8,2*18
[2022-10-07 21:54:25.207] $GN 52.2783,20.8093,147,8,4*1e
[2022-10-07 21:54:43.225] $PW 3.19500,0.00000,0.00000,0.00000,29.0*3c
[2022-10-07 21:54:48.228] $GN 52.2784,20.8092,137,357,4*16
[2022-10-07 21:55:31.463] 
[2022-10-07 21:55:31.463] 
[2022-10-07 21:55:31.463] Swarm MPCIE (MPCIE) Bootloader
[2022-10-07 21:55:31.463] Copyright (c) 2019-22 Swarm Technologies, Inc
[2022-10-07 21:55:31.463] Version: 2022-05-16T21:46:13,v2.0.0
[2022-10-07 21:55:31.650] ......
[2022-10-07 21:55:34.659] Checking image MD5 in STM32 flash... valid
[2022-10-07 21:55:34.784] Identifying SPI flash... FOUND (Mfr 0x9d ISSI Type 0x6017)
[2022-10-07 21:55:34.784] Checking image MD5 in SPI flash... INVALID
[2022-10-07 21:55:34.784] Transferring control to application...
[2022-10-07 21:55:34.784] 
[2022-10-07 21:55:35.675] $M138 BOOT,POWERON,Swarm M138 (M138)*44
[2022-10-07 21:55:35.675] $M138 BOOT,POWERON,Copyright (c) 2019-22 Swarm Technologies, Inc*2d
[2022-10-07 21:55:35.675] $M138 BOOT,POWERON,LPWR=n,WWDG=n,IWDG=n,SFT=n,BOR=Y,PIN=Y,OBL=n*43
[2022-10-07 21:55:35.675] $M138 BOOT,VERSION,2022-05-16T21:45:08,v2.0.2*2f
[2022-10-07 21:55:45.331] $M138 BOOT,DEVICEID,DI=0x003431*29
[2022-10-07 21:55:45.331] $M138 BOOT,RUNNING*2a
[2022-10-07 21:58:09.050] $M138 DATETIME*56
[2022-10-07 21:58:48.910] $M138 POSITION*4e
[2022-10-07 22:00:49.130] $CS DI=0x003431,DN=M138*21
[2022-10-07 22:00:49.240] $RT OK*22
[2022-10-07 22:00:49.240] $RT 0*16
[2022-10-07 22:00:49.349] $PW OK*23
[2022-10-07 22:00:49.349] $PW 0*17
[2022-10-07 22:00:49.474] $DT OK*34
[2022-10-07 22:00:49.474] $DT 0*00
[2022-10-07 22:00:49.583] $GS OK*30
[2022-10-07 22:00:49.599] $GS 0*04
[2022-10-07 22:00:49.708] $GJ OK*29
[2022-10-07 22:00:49.708] $GJ 0*1d
[2022-10-07 22:00:49.818] $GN OK*2d
[2022-10-07 22:00:49.818] $GN 0*19
[2022-10-07 22:00:52.833] $PW 3.19300,0.00000,0.00000,0.00000,29.0*3a
[2022-10-07 22:00:52.833] $GN 52.2784,20.8092,120,327,0*13
[2022-10-07 22:00:52.833] $GN 52.2784,20.8092,120,327,0*13
[2022-10-07 22:00:52.865] $TD OK,4622216069121*22
[2022-10-07 22:00:55.877] $PW 3.19300,0.00000,0.00000,0.00000,29.0*3a
[2022-10-07 22:00:55.877] $GN 52.2784,20.8092,120,327,1*12
[2022-10-07 22:00:55.877] $GN 52.2784,20.8092,120,327,1*12
[2022-10-07 22:00:55.908] $TD OK,4622216069122*21
[2022-10-07 22:00:58.908] $PW 3.19000,0.00000,0.00000,0.00000,29.0*39
[2022-10-07 22:00:58.908] $GN 52.2784,20.8092,120,327,5*16
[2022-10-07 22:00:58.924] $GN 52.2784,20.8092,120,327,5*16
[2022-10-07 22:00:58.939] $TD OK,4622216069123*20
[2022-10-07 22:01:01.955] $PW 3.19300,0.00000,0.00000,0.00000,29.0*3a
[2022-10-07 22:01:01.955] $GN 52.2782,20.8093,119,130,20*28
[2022-10-07 22:01:01.955] $GN 52.2782,20.8093,119,130,20*28
[2022-10-07 22:01:01.986] $TD OK,4622216069124*27
[2022-10-07 22:01:04.990] $PW 3.18400,0.00000,0.00000,0.00000,28.0*3d
[2022-10-07 22:01:04.990] $GN 52.2782,20.8093,118,147,12*28
[2022-10-07 22:01:05.005] $GN 52.2782,20.8093,118,147,12*28
[2022-10-07 22:01:05.021] $TD OK,4622216069125*26
[2022-10-07 22:01:08.037] $PW 3.19300,0.00000,0.00000,0.00000,29.0*3a
[2022-10-07 22:01:08.037] $GN 52.2782,20.8093,120,163,6*10
[2022-10-07 22:01:08.037] $GN 52.2782,20.8093,120,163,6*10
[2022-10-07 22:01:08.068] $TD OK,4622216069126*25
[2022-10-07 22:01:11.068] $PW 3.18800,0.00000,0.00000,0.00000,29.0*30
[2022-10-07 22:01:11.084] $GN 52.2782,20.8093,123,163,5*10
[2022-10-07 22:01:11.084] $GN 52.2782,20.8093,123,163,5*10
[2022-10-07 22:01:11.115] $TD OK,4622216069127*24
[2022-10-07 22:01:14.115] $PW 3.19500,0.00000,0.00000,0.00000,29.0*3c
[2022-10-07 22:01:14.130] $GN 52.2782,20.8093,120,163,3*15
[2022-10-07 22:01:14.130] $GN 52.2782,20.8093,120,163,3*15
[2022-10-07 22:01:14.162] $TD OK,4622216069128*2b
[2022-10-07 22:01:17.162] $PW 3.19300,0.00000,0.00000,0.00000,29.0*3a
[2022-10-07 22:01:17.162] $GN 52.2782,20.8093,120,163,1*17
[2022-10-07 22:01:17.177] $GN 52.2782,20.8093,120,163,1*17
[2022-10-07 22:01:17.193] $TD OK,4622216069129*2a
[2022-10-07 22:01:20.209] $PW 3.19300,0.00000,0.00000,0.00000,29.0*3a
[2022-10-07 22:01:20.209] $GN 52.2781,20.8093,119,163,2*1d
[2022-10-07 22:01:20.224] $GN 52.2781,20.8093,119,163,2*1d
[2022-10-07 22:01:20.240] $TD OK,4622216069130*22
[2022-10-07 22:01:23.255] $PW 3.19300,0.00000,0.00000,0.00000,30.0*32
[2022-10-07 22:01:23.255] $GN 52.2782,20.8092,121,163,3*15
[2022-10-07 22:01:23.271] $GN 52.2782,20.8092,121,163,3*15
[2022-10-07 22:01:23.287] $TD OK,4622216069131*23
[2022-10-07 22:01:26.295] $PW 3.19000,0.00000,0.00000,0.00000,29.0*39
[2022-10-07 22:01:26.311] $GN 52.2782,20.8092,122,163,1*14
[2022-10-07 22:01:26.311] $GN 52.2782,20.8092,122,163,1*14
[2022-10-07 22:01:26.342] $TD OK,4622216069132*20
[2022-10-07 22:01:29.342] $PW 3.19300,0.00000,0.00000,0.00000,29.0*3a
[2022-10-07 22:01:29.358] $GN 52.2782,20.8092,124,163,2*11
[2022-10-07 22:01:29.358] $GN 52.2782,20.8092,124,163,2*11
[2022-10-07 22:01:29.389] $TD OK,4622216069133*21
[2022-10-07 22:01:32.398] $PW 3.18800,0.00000,0.00000,0.00000,29.0*30
[2022-10-07 22:01:32.398] $GN 52.2782,20.8092,123,163,3*17
[2022-10-07 22:01:32.398] $GN 52.2782,20.8092,123,163,3*17
[2022-10-07 22:01:32.429] $TD OK,4622216069134*26
[2022-10-07 22:01:35.444] $PW 3.17600,0.00000,0.00000,0.00000,28.0*30
[2022-10-07 22:01:35.444] $GN 52.2782,20.8092,127,163,2*12
[2022-10-07 22:01:35.460] $GN 52.2782,20.8092,127,163,2*12
[2022-10-07 22:01:35.491] $TD OK,4622216069135*27
[2022-10-07 22:01:38.491] $PW 3.19300,0.00000,0.00000,0.00000,30.0*32
[2022-10-07 22:01:38.491] $GN 52.2782,20.8092,127,163,1*11
[2022-10-07 22:01:38.507] $GN 52.2782,20.8092,127,163,1*11
[2022-10-07 22:01:38.538] $TD OK,4622216069136*24
[2022-10-07 22:01:41.554] $PW 3.19000,0.00000,0.00000,0.00000,28.0*38
[2022-10-07 22:01:41.554] $GN 52.2782,20.8092,123,186,3*1c
[2022-10-07 22:01:41.570] $GN 52.2782,20.8092,123,186,3*1c
[2022-10-07 22:01:41.601] $TD OK,4622216069137*25
[2022-10-07 22:01:44.607] $PW 3.17600,0.00000,0.00000,0.00000,28.0*30
[2022-10-07 22:01:44.623] $GN 52.2783,20.8092,120,186,0*1d
[2022-10-07 22:01:44.623] $GN 52.2783,20.8092,120,186,0*1d
[2022-10-07 22:01:44.654] $TD OK,4622216069138*2a
[2022-10-07 22:01:47.666] $PW 3.17800,0.00000,0.00000,0.00000,28.0*3e
[2022-10-07 22:01:47.682] $GN 52.2783,20.8092,119,186,0*17
[2022-10-07 22:01:47.682] $GN 52.2783,20.8092,119,186,0*17
[2022-10-07 22:01:47.713] $TD OK,4622216069139*2b
[2022-10-07 22:01:50.730] $PW 3.19000,0.00000,0.00000,0.00000,29.0*39
[2022-10-07 22:01:50.730] $GN 52.2783,20.8092,118,186,0*16
[2022-10-07 22:01:50.745] $GN 52.2783,20.8092,118,186,0*16
[2022-10-07 22:01:50.776] $TD OK,4622216069140*25
[2022-10-07 22:01:53.785] $PW 3.19300,0.00000,0.00000,0.00000,29.0*3a
[2022-10-07 22:01:53.801] $GN 52.2783,20.8092,117,186,0*19
[2022-10-07 22:01:53.801] $GN 52.2783,20.8092,117,186,0*19
[2022-10-07 22:01:53.816] $TD OK,4622216069141*24
