
[2022-10-07 22:11:17.401] 
[2022-10-07 22:11:17.401] 
[2022-10-07 22:11:17.401] Swarm MPCIE (MPCIE) Bootloader
[2022-10-07 22:11:17.401] Copyright (c) 2019-22 Swarm Technologies, Inc
[2022-10-07 22:11:17.401] Version: 2022-05-16T21:46:13,v2.0.0
[2022-10-07 22:11:17.604] ......
[2022-10-07 22:11:20.608] Checking image MD5 in STM32 flash... valid
[2022-10-07 22:11:20.748] Identifying SPI flash... FOUND (Mfr 0x9d ISSI Type 0x6017)
[2022-10-07 22:11:20.748] Checking image MD5 in SPI flash... INVALID
[2022-10-07 22:11:20.748] Transferring control to application...
[2022-10-07 22:11:20.748] 
[2022-10-07 22:11:21.632] $M138 BOOT,POWERON,Swarm M138 (M138)*44
[2022-10-07 22:11:21.632] $M138 BOOT,POWERON,Copyright (c) 2019-22 Swarm Technologies, Inc*2d
[2022-10-07 22:11:21.632] $M138 BOOT,POWERON,LPWR=n,WWDG=n,IWDG=n,SFT=n,BOR=Y,PIN=Y,OBL=n*43
[2022-10-07 22:11:21.632] $M138 BOOT,VERSION,2022-05-16T21:45:08,v2.0.2*2f
[2022-10-07 22:11:31.297] $M138 BOOT,DEVICEID,DI=0x003431*29
[2022-10-07 22:11:31.297] $M138 BOOT,RUNNING*2a
[2022-10-07 22:13:41.054] $M138 DATETIME*56
[2022-10-07 22:14:20.147] $CS DI=0x003431,DN=M138*21
[2022-10-07 22:14:25.149] $CS DI=0x003431,DN=M138*21
[2022-10-07 22:14:30.153] $CS DI=0x003431,DN=M138*21
[2022-10-07 22:14:35.155] $CS DI=0x003431,DN=M138*21
[2022-10-07 22:14:40.157] $CS DI=0x003431,DN=M138*21
[2022-10-07 22:14:45.161] $PW 3.19000,0.00000,0.00000,0.00000,29.0*39
[2022-10-07 22:14:50.163] $PW 3.19300,0.00000,0.00000,0.00000,29.0*3a
[2022-10-07 22:14:55.165] $PW 3.19300,0.00000,0.00000,0.00000,30.0*32
[2022-10-07 22:15:00.167] $PW 3.19000,0.00000,0.00000,0.00000,30.0*31
[2022-10-07 22:15:05.170] $PW 3.19000,0.00000,0.00000,0.00000,29.0*39
[2022-10-07 22:15:24.032] $PW 3.17600,0.00000,0.00000,0.00000,28.0*30
[2022-10-07 22:15:29.033] $PW 3.19000,0.00000,0.00000,0.00000,30.0*31
[2022-10-07 22:15:34.034] $PW 3.19000,0.00000,0.00000,0.00000,29.0*39
[2022-10-07 22:15:39.037] $PW 3.19300,0.00000,0.00000,0.00000,29.0*3a
[2022-10-07 22:15:44.039] $PW 3.19300,0.00000,0.00000,0.00000,29.0*3a
[2022-10-07 22:15:54.896] $M138 POSITION*4e
[2022-10-07 22:16:25.029] $PW 3.19300,0.00000,0.00000,0.00000,29.0*3a
[2022-10-07 22:16:30.032] $PW 3.17400,0.00000,0.00000,0.00000,28.0*32
[2022-10-07 22:16:35.034] $PW 3.19000,0.00000,0.00000,0.00000,30.0*31
[2022-10-07 22:16:40.037] $PW 3.19000,0.00000,0.00000,0.00000,29.0*39
[2022-10-07 22:16:45.040] $PW 3.19000,0.00000,0.00000,0.00000,28.0*38
[2022-10-07 22:16:59.665] <¾ÿ
[2022-10-07 22:17:07.031] 
[2022-10-07 22:17:07.031] Swarm MPCIE (MPCIE) Bootloader
[2022-10-07 22:17:07.031] Copyright (c) 2019-22 Swarm Technologies, Inc
[2022-10-07 22:17:07.031] Version: 2022-05-16T21:46:13,v2.0.0
[2022-10-07 22:17:07.221] ......
[2022-10-07 22:17:10.225] Checking image MD5 in STM32 flash... valid
[2022-10-07 22:17:10.364] Identifying SPI flash... FOUND (Mfr 0x9d ISSI Type 0x6017)
[2022-10-07 22:17:10.364] Checking image MD5 in SPI flash... INVALID
[2022-10-07 22:17:10.364] Transferring control to application...
[2022-10-07 22:17:10.364] 
[2022-10-07 22:17:11.253] $M138 BOOT,POWERON,Swarm M138 (M138)*44
[2022-10-07 22:17:11.253] $M138 BOOT,POWERON,Copyright (c) 2019-22 Swarm Technologies, Inc*2d
[2022-10-07 22:17:11.253] $M138 BOOT,POWERON,LPWR=n,WWDG=n,IWDG=n,SFT=n,BOR=Y,PIN=Y,OBL=n*43
[2022-10-07 22:17:11.253] $M138 BOOT,VERSION,2022-05-16T21:45:08,v2.0.2*2f
[2022-10-07 22:17:20.921] $M138 BOOT,DEVICEID,DI=0x003431*29
[2022-10-07 22:17:20.921] $M138 BOOT,RUNNING*2a
[2022-10-07 22:20:10.113] $CS DI=0x003431,DN=M138*21
[2022-10-07 22:20:15.118] $CS DI=0x003431,DN=M138*21
[2022-10-07 22:20:20.120] $CS DI=0x003431,DN=M138*21
[2022-10-07 22:20:25.124] $CS DI=0x003431,DN=M138*21
[2022-10-07 22:20:30.127] $CS DI=0x003431,DN=M138*21
[2022-10-07 22:20:35.134] $PW 3.18800,0.00000,0.00000,0.00000,29.0*30
[2022-10-07 22:20:40.139] $PW 3.19000,0.00000,0.00000,0.00000,29.0*39
[2022-10-07 22:20:45.143] $PW 3.17400,0.00000,0.00000,0.00000,28.0*32
[2022-10-07 22:21:10.180] $M138 DATETIME*56
[2022-10-07 22:21:53.046] $CS DI=0x003431,DN=M138*21
[2022-10-07 22:21:53.165] $RT OK*22
[2022-10-07 22:21:53.167] $RT 0*16
[2022-10-07 22:21:53.276] $PW OK*23
[2022-10-07 22:21:53.278] $PW 0*17
[2022-10-07 22:21:53.393] $DT OK*34
[2022-10-07 22:21:53.395] $DT 0*00
[2022-10-07 22:21:53.507] $GS OK*30
[2022-10-07 22:21:53.508] $GS 0*04
[2022-10-07 22:21:53.621] $GJ OK*29
[2022-10-07 22:21:53.623] $GJ 0*1d
[2022-10-07 22:21:53.734] $GN OK*2d
[2022-10-07 22:21:53.736] $GN 0*19
[2022-10-07 22:21:53.741] $PW 3.19000,0.00000,0.00000,0.00000,29.0*39
[2022-10-07 22:22:52.088] $PW 3.19000,0.00000,0.00000,0.00000,29.0*39
[2022-10-07 22:23:31.896] $M138 POSITION*4e
[2022-10-07 22:23:53.087] $PW 3.18600,0.00000,0.00000,0.00000,30.0*36
[2022-10-07 22:23:53.091] $GN 52.2781,20.8092,132,0,0*13
[2022-10-07 22:23:53.096] $GN 52.2781,20.8092,132,0,0*13
[2022-10-07 22:23:53.122] $TD OK,4622216069121*22
[2022-10-07 22:23:53.125] $SL OK*3b
[2022-10-07 22:24:36.287] 
[2022-10-07 22:24:36.287] 
[2022-10-07 22:24:36.287] Swarm MPCIE (MPCIE) Bootloader
[2022-10-07 22:24:36.287] Copyright (c) 2019-22 Swarm Technologies, Inc
[2022-10-07 22:24:36.287] Version: 2022-05-16T21:46:13,v2.0.0
[2022-10-07 22:24:36.477] ......
[2022-10-07 22:24:39.482] Checking image MD5 in STM32 flash... valid
[2022-10-07 22:24:39.620] Identifying SPI flash... FOUND (Mfr 0x9d ISSI Type 0x6017)
[2022-10-07 22:24:39.620] Checking image MD5 in SPI flash... INVALID
[2022-10-07 22:24:39.620] Transferring control to application...
[2022-10-07 22:24:39.620] 
[2022-10-07 22:24:40.510] $M138 BOOT,POWERON,Swarm M138 (M138)*44
[2022-10-07 22:24:40.510] $M138 BOOT,POWERON,Copyright (c) 2019-22 Swarm Technologies, Inc*2d
[2022-10-07 22:24:40.510] $M138 BOOT,POWERON,LPWR=n,WWDG=n,IWDG=n,SFT=n,BOR=Y,PIN=Y,OBL=n*43
[2022-10-07 22:24:40.510] $M138 BOOT,VERSION,2022-05-16T21:45:08,v2.0.2*2f
[2022-10-07 22:24:50.175] $M138 BOOT,DEVICEID,DI=0x003431*29
[2022-10-07 22:24:50.175] $M138 BOOT,RUNNING*2a
[2022-10-07 22:24:57.490] $CS DI=0x003431,DN=M138*21
[2022-10-07 22:24:57.604] $RT OK*22
[2022-10-07 22:24:57.606] $RT 0*16
[2022-10-07 22:24:57.718] $PW OK*23
[2022-10-07 22:24:57.722] $PW 0*17
[2022-10-07 22:24:57.835] $DT OK*34
[2022-10-07 22:24:57.837] $DT 0*00
[2022-10-07 22:24:57.950] $GS OK*30
[2022-10-07 22:24:57.952] $GS 0*04
[2022-10-07 22:24:58.069] $GJ OK*29
[2022-10-07 22:24:58.071] $GJ 0*1d
[2022-10-07 22:24:58.182] $GN OK*2d
[2022-10-07 22:24:58.184] $GN 0*19
[2022-10-07 22:24:58.190] $PW 3.19300,0.00000,0.00000,0.00000,28.0*3b
[2022-10-07 22:25:56.437] $PW 3.17600,0.00000,0.00000,0.00000,27.0*3f
[2022-10-07 22:26:07.142] $CS DI=0x003431,DN=M138*21
[2022-10-07 22:26:07.258] $RT OK*22
[2022-10-07 22:26:07.262] $RT 0*16
[2022-10-07 22:26:07.370] $PW OK*23
[2022-10-07 22:26:07.372] $PW 0*17
[2022-10-07 22:26:07.488] $DT OK*34
[2022-10-07 22:26:07.490] $DT 0*00
[2022-10-07 22:26:07.601] $GS OK*30
[2022-10-07 22:26:07.603] $GS 0*04
[2022-10-07 22:26:07.720] $GJ OK*29
[2022-10-07 22:26:07.722] $GJ 0*1d
[2022-10-07 22:26:07.822] $GN OK*2d
[2022-10-07 22:26:07.823] $GN 0*19
[2022-10-07 22:26:07.829] $PW 3.17400,0.00000,0.00000,0.00000,27.0*3d
[2022-10-07 22:27:06.074] $PW 3.19000,0.00000,0.00000,0.00000,29.0*39
[2022-10-07 22:28:07.072] $PW 3.19000,0.00000,0.00000,0.00000,29.0*39
[2022-10-07 22:28:40.434] $M138 DATETIME*56
[2022-10-07 22:29:08.070] $PW 3.19000,0.00000,0.00000,0.00000,29.0*39
[2022-10-07 22:30:09.069] $PW 3.19000,0.00000,0.00000,0.00000,29.0*39
[2022-10-07 22:31:10.066] $PW 3.19300,0.00000,0.00000,0.00000,30.0*32
[2022-10-07 22:31:29.261] 
[2022-10-07 22:31:29.261] 
[2022-10-07 22:31:29.261] Swarm MPCIE (MPCIE) Bootloader
[2022-10-07 22:31:29.261] Copyright (c) 2019-22 Swarm Technologies, Inc
[2022-10-07 22:31:29.261] Version: 2022-05-16T21:46:13,v2.0.0
[2022-10-07 22:31:29.451] ......
[2022-10-07 22:31:32.456] Checking image MD5 in STM32 flash... valid
[2022-10-07 22:31:32.594] Identifying SPI flash... FOUND (Mfr 0x9d ISSI Type 0x6017)
[2022-10-07 22:31:32.594] Checking image MD5 in SPI flash... INVALID
[2022-10-07 22:31:32.594] Transferring control to application...
[2022-10-07 22:31:32.594] 
[2022-10-07 22:31:33.483] $M138 BOOT,POWERON,Swarm M138 (M138)*44
[2022-10-07 22:31:33.483] $M138 BOOT,POWERON,Copyright (c) 2019-22 Swarm Technologies, Inc*2d
[2022-10-07 22:31:33.483] $M138 BOOT,POWERON,LPWR=n,WWDG=n,IWDG=n,SFT=n,BOR=Y,PIN=Y,OBL=n*43
[2022-10-07 22:31:33.483] $M138 BOOT,VERSION,2022-05-16T21:45:08,v2.0.2*2f
[2022-10-07 22:31:43.150] $M138 BOOT,DEVICEID,DI=0x003431*29
[2022-10-07 22:31:43.150] $M138 BOOT,RUNNING*2a
[2022-10-07 22:31:49.892] $CS DI=0x003431,DN=M138*21
[2022-10-07 22:31:50.006] $RT OK*22
[2022-10-07 22:31:50.008] $RT 0*16
[2022-10-07 22:31:50.118] $PW OK*23
[2022-10-07 22:31:50.120] $PW 0*17
[2022-10-07 22:31:50.233] $DT OK*34
[2022-10-07 22:31:50.235] $DT 0*00
[2022-10-07 22:31:50.346] $GS OK*30
[2022-10-07 22:31:50.348] $GS 0*04
[2022-10-07 22:31:50.463] $GJ OK*29
[2022-10-07 22:31:50.465] $GJ 0*1d
[2022-10-07 22:31:50.577] $GN OK*2d
[2022-10-07 22:31:50.579] $GN 0*19
[2022-10-07 22:31:50.584] $PW 3.17600,0.00000,0.00000,0.00000,29.0*31
[2022-10-07 22:32:08.817] $CS DI=0x003431,DN=M138*21
[2022-10-07 22:32:08.934] $RT OK*22
[2022-10-07 22:32:08.939] $RT 0*16
[2022-10-07 22:32:09.044] $PW OK*23
[2022-10-07 22:32:09.047] $PW 0*17
[2022-10-07 22:32:09.159] $DT OK*34
[2022-10-07 22:32:09.161] $DT 0*00
[2022-10-07 22:32:09.272] $GS OK*30
[2022-10-07 22:32:09.274] $GS 0*04
[2022-10-07 22:32:09.385] $GJ OK*29
[2022-10-07 22:32:09.388] $GJ 0*1d
[2022-10-07 22:32:09.499] $GN OK*2d
[2022-10-07 22:32:09.502] $GN 0*19
[2022-10-07 22:32:35.327] $PW 3.19000,0.00000,0.00000,0.00000,29.0*39
[2022-10-07 22:35:40.410] $M138 DATETIME*56
[2022-10-07 22:37:00.876] $M138 POSITION*4e
[2022-10-07 22:38:40.662] $GN 52.2784,20.8095,132,54,0*20
[2022-10-07 22:38:40.666] $GN 52.2784,20.8095,132,54,0*20
[2022-10-07 22:38:40.689] $TD OK,4622216069121*22
[2022-10-07 22:39:00.508] $CS DI=0x003431,DN=M138*21
[2022-10-07 22:39:00.620] $RT OK*22
[2022-10-07 22:39:00.622] $RT 0*16
[2022-10-07 22:39:00.736] $PW OK*23
[2022-10-07 22:39:00.737] $PW 0*17
[2022-10-07 22:39:00.848] $DT OK*34
[2022-10-07 22:39:00.850] $DT 0*00
[2022-10-07 22:39:00.949] $GS OK*30
[2022-10-07 22:39:00.963] $GS 0*04
[2022-10-07 22:39:01.072] $GJ OK*29
[2022-10-07 22:39:01.072] $GJ 0*1d
[2022-10-07 22:39:01.184] $GN OK*2d
[2022-10-07 22:39:01.184] $GN 0*19
[2022-10-07 22:39:01.184] $PW 3.19000,0.00000,0.00000,0.00000,29.0*39
[2022-10-07 22:39:01.201] $GN 52.2784,20.8095,132,54,0*20
[2022-10-07 22:39:01.202] $GN 52.2784,20.8095,132,54,0*20
[2022-10-07 22:39:01.227] $TD OK,4622216069122*21
[2022-10-07 22:40:01.268] $SL OK*3b
[2022-10-07 22:40:06.375] $SL WAKE,SERIAL @ 2022-10-07T20:40:05*18
[2022-10-07 22:40:06.375] $PW 3.19300,0.00000,0.00000,0.00000,30.0*32
[2022-10-07 22:40:06.377] $PW @*67
[2022-10-07 22:40:06.379] $CMD ERR,CMD_NOTIMPLEMENTED*0d
[2022-10-07 22:40:11.287] $PW 3.19300,0.00000,0.00000,0.00000,29.0*3a
[2022-10-07 22:40:16.295] $PW 3.19000,0.00000,0.00000,0.00000,29.0*39
[2022-10-07 22:40:21.303] $PW 3.19000,0.00000,0.00000,0.00000,29.0*39
[2022-10-07 22:40:26.311] $PW 3.19300,0.00000,0.00000,0.00000,29.0*3a
[2022-10-07 22:40:31.320] $PW 3.19300,0.00000,0.00000,0.00000,29.0*3a
[2022-10-07 22:40:36.329] $PW 3.19000,0.00000,0.00000,0.00000,29.0*39
[2022-10-07 22:40:41.338] $PW 3.19300,0.00000,0.00000,0.00000,29.0*3a
[2022-10-07 22:40:46.347] $PW 3.19300,0.00000,0.00000,0.00000,29.0*3a
[2022-10-07 22:40:51.356] $PW 3.19300,0.00000,0.00000,0.00000,29.0*3a
[2022-10-07 22:40:56.365] $PW 3.18800,0.00000,0.00000,0.00000,29.0*30
[2022-10-07 22:41:01.373] $PW 3.19500,0.00000,0.00000,0.00000,29.0*3c
[2022-10-07 22:41:06.384] $PW 3.19300,0.00000,0.00000,0.00000,30.0*32
[2022-10-07 22:41:11.389] $PW 3.19300,0.00000,0.00000,0.00000,29.0*3a
[2022-10-07 22:41:16.397] $PW 3.19000,0.00000,0.00000,0.00000,29.0*39
[2022-10-07 22:41:21.405] $PW 3.19300,0.00000,0.00000,0.00000,29.0*3a
[2022-10-07 22:41:26.411] $PW 3.19000,0.00000,0.00000,0.00000,29.0*39
[2022-10-07 22:41:31.408] $PW 3.19000,0.00000,0.00000,0.00000,29.0*39
[2022-10-07 22:41:36.439] ÿ