
[2022-10-08 12:33:14.110] $M138 DATETIME*56
[2022-10-08 12:35:12.967] $M138 POSITION*4e
[2022-10-08 12:40:31.480] $CS DI=0x003431,DN=M138*21
[2022-10-08 12:43:19.877] $CS DI=0x003431,DN=M138*21
[2022-10-08 12:43:27.318] $CS DI=0x003431,DN=M138*21
[2022-10-08 12:43:28.469] $CS DI=0x003431,DN=M138*21
[2022-10-08 12:44:44.238] $CS DI=0x003431,DN=M138*21
[2022-10-08 12:44:45.378] $CS DI=0x003431,DN=M138*21
[2022-10-08 12:45:26.856] $CS DI=0x003431,DN=M138*21
[2022-10-08 12:45:28.002] $CS DI=0x003431,DN=M138*21
[2022-10-08 12:53:31.383] $CS DI=0x003431,DN=M138*21
[2022-10-08 12:53:32.529] $CS DI=0x003431,DN=M138*21
[2022-10-08 13:16:00.250] $CS DI=0x003431,DN=M138*21
[2022-10-08 13:16:01.584] $CS DI=0x003431,DN=M138*21
[2022-10-08 13:16:35.853] $CS DI=0x003431,DN=M138*21
[2022-10-08 13:16:37.195] $CS DI=0x003431,DN=M138*21
[2022-10-08 13:18:49.386] $CS DI=0x003431,DN=M138*21
[2022-10-08 13:18:50.728] $CS DI=0x003431,DN=M138*21
[2022-10-08 13:18:50.838] $RT OK*22
[2022-10-08 13:18:51.135] $RT 0*16
[2022-10-08 13:20:31.941] $CS DI=0x003431,DN=M138*21
[2022-10-08 13:20:32.033] $RT OK*22
[2022-10-08 13:20:33.291] $CS DI=0x003431,DN=M138*21
[2022-10-08 13:20:33.400] $RT OK*22
[2022-10-08 13:20:33.697] $RT 0*16
[2022-10-08 13:20:33.799] $PW OK*23
[2022-10-08 13:20:33.799] $PW 0*17
[2022-10-08 13:25:44.969] $CS DI=0x003431,DN=M138*21
[2022-10-08 13:25:45.078] $RT OK*22
[2022-10-08 13:25:46.304] $CS DI=0x003431,DN=M138*21
[2022-10-08 13:25:46.413] $RT OK*22
[2022-10-08 13:25:46.710] $RT 0*16
[2022-10-08 13:25:46.829] $PW OK*23
[2022-10-08 13:25:46.829] $PW 0*17
[2022-10-08 13:25:46.922] $DT OK*34
[2022-10-08 13:25:46.938] $DT 0*00
[2022-10-08 13:27:30.762] $CS DI=0x003431,DN=M138*21
[2022-10-08 13:27:30.872] $RT OK*22
[2022-10-08 13:27:32.118] $CS DI=0x003431,DN=M138*21
[2022-10-08 13:27:32.228] $RT OK*22
[2022-10-08 13:27:32.509] $RT 0*16
[2022-10-08 13:27:32.628] $PW OK*23
[2022-10-08 13:27:32.628] $PW 0*17
[2022-10-08 13:27:32.737] $DT OK*34
[2022-10-08 13:27:32.737] $DT 0*00
[2022-10-08 13:27:32.846] $GS OK*30
[2022-10-08 13:27:32.846] $GS 0*04
[2022-10-08 13:28:32.973] $CS DI=0x003431,DN=M138*21
[2022-10-08 13:28:33.080] $RT OK*22
[2022-10-08 13:28:34.315] $CS DI=0x003431,DN=M138*21
[2022-10-08 13:28:34.440] $RT OK*22
[2022-10-08 13:28:34.721] $RT 0*16
[2022-10-08 13:28:34.823] $PW OK*23
[2022-10-08 13:28:34.823] $PW 0*17
[2022-10-08 13:28:34.933] $DT OK*34
[2022-10-08 13:28:34.933] $DT 0*00
[2022-10-08 13:28:35.042] $GS OK*30
[2022-10-08 13:28:35.042] $GS 0*04
[2022-10-08 13:28:35.152] $GJ OK*29
[2022-10-08 13:28:35.152] $GJ 0*1d
[2022-10-08 13:29:49.541] $CS DI=0x003431,DN=M138*21
[2022-10-08 13:29:49.653] $RT OK*22
[2022-10-08 13:29:50.884] $CS DI=0x003431,DN=M138*21
[2022-10-08 13:29:50.994] $RT OK*22
[2022-10-08 13:29:51.291] $RT 0*16
[2022-10-08 13:29:51.392] $PW OK*23
[2022-10-08 13:29:51.392] $PW 0*17
[2022-10-08 13:29:51.517] $DT OK*34
[2022-10-08 13:29:51.517] $DT 0*00
[2022-10-08 13:29:51.611] $GS OK*30
[2022-10-08 13:29:51.627] $GS 0*04
[2022-10-08 13:29:51.736] $GJ OK*29
[2022-10-08 13:29:51.736] $GJ 0*1d
[2022-10-08 13:29:51.830] $GN OK*2d
[2022-10-08 13:29:51.845] $GN 0*19
[2022-10-08 14:10:49.832] $CS DI=0x003431,DN=M138*21
[2022-10-08 14:10:49.957] $RT OK*22
[2022-10-08 14:10:51.181] $CS DI=0x003431,DN=M138*21
[2022-10-08 14:10:51.197] $CS DI=0x003431,DN=M138*21
[2022-10-08 14:10:51.291] $RT OK*22
[2022-10-08 14:10:51.704] $RT OK*22
[2022-10-08 14:11:23.231] $CS DI=0x003431,DN=M138*21
[2022-10-08 14:11:23.246] $CS DI=0x003431,DN=M138*21
[2022-10-08 14:11:23.340] $RT OK*22
[2022-10-08 14:11:24.580] $CS DI=0x003431,DN=M138*21
[2022-10-08 14:11:24.705] $RT OK*22
[2022-10-08 14:11:24.986] $RT 0*16
[2022-10-08 14:11:25.088] $PW OK*23
[2022-10-08 14:11:25.088] $PW 0*17
[2022-10-08 14:11:25.198] $DT OK*34
[2022-10-08 14:11:25.198] $DT 0*00
[2022-10-08 14:11:25.307] $GS OK*30
[2022-10-08 14:11:25.307] $GS 0*04
[2022-10-08 14:11:25.416] $GJ OK*29
[2022-10-08 14:11:25.416] $GJ 0*1d
[2022-10-08 14:11:25.526] $GN OK*2d
[2022-10-08 14:11:25.526] $GN 0*19
[2022-10-08 14:14:18.009] $CS DI=0x003431,DN=M138*21
[2022-10-08 14:14:18.118] $RT OK*22
[2022-10-08 14:14:19.346] $CS DI=0x003431,DN=M138*21
[2022-10-08 14:14:19.455] $RT OK*22
[2022-10-08 14:14:19.752] $RT 0*16
[2022-10-08 14:14:19.868] $PW OK*23
[2022-10-08 14:14:19.868] $PW 0*17
[2022-10-08 14:14:19.962] $DT OK*34
[2022-10-08 14:14:19.962] $DT 0*00
[2022-10-08 14:14:20.071] $GS OK*30
[2022-10-08 14:14:20.071] $GS 0*04
[2022-10-08 14:14:20.181] $GJ OK*29
[2022-10-08 14:14:20.181] $GJ 0*1d
[2022-10-08 14:14:20.290] $GN OK*2d
[2022-10-08 14:14:20.290] $GN 0*19
[2022-10-08 14:15:12.299] $CS DI=0x003431,DN=M138*21
[2022-10-08 14:15:12.409] $RT OK*22
[2022-10-08 14:15:13.639] $CS DI=0x003431,DN=M138*21
[2022-10-08 14:15:13.655] = HAL_OK
[2022-10-08 14:15:23.648] = HAL_OK
[2022-10-08 14:15:33.652] = HAL_OK
[2022-10-08 14:15:48.870] $CS DI=0x003431,DN=M138*21
[2022-10-08 14:15:48.885] = HAL_OK
[2022-10-08 14:15:50.220] $CS DI=0x003431,DN=M138*21
[2022-10-08 14:15:50.329] $RT OK*22
[2022-10-08 14:15:50.610] $RT 0*16
[2022-10-08 14:15:50.713] $PW OK*23
[2022-10-08 14:15:50.713] $PW 0*17
[2022-10-08 14:15:50.822] $DT OK*34
[2022-10-08 14:15:50.822] $DT 0*00
[2022-10-08 14:15:50.916] $GS OK*30
[2022-10-08 14:15:50.916] $GS 0*04
[2022-10-08 14:15:51.025] $GJ OK*29
[2022-10-08 14:15:51.041] $GJ 0*1d
[2022-10-08 14:15:51.135] $GN OK*2d
[2022-10-08 14:15:51.135] $GN 0*19
[2022-10-08 14:53:57.451] $CS DI=0x003431,DN=M138*21
[2022-10-08 14:53:57.571] $RT OK*22
[2022-10-08 14:53:59.260] $CS DI=0x003431,DN=M138*21
[2022-10-08 14:53:59.370] $RT OK*22
[2022-10-08 14:53:59.557] $RT 0*16
[2022-10-08 14:53:59.660] $PW OK*23
[2022-10-08 14:53:59.676] $PW 0*17
[2022-10-08 14:53:59.770] $DT OK*34
[2022-10-08 14:53:59.770] $DT 0*00
[2022-10-08 14:53:59.879] $GS OK*30
[2022-10-08 14:53:59.879] $GS 0*04
[2022-10-08 14:53:59.988] $GJ OK*29
[2022-10-08 14:53:59.988] $GJ 0*1d
[2022-10-08 14:54:00.098] $GN OK*2d
[2022-10-08 14:54:00.098] $GN 0*19
[2022-10-08 14:54:00.113] $PW 3.19300,0.00000,0.00000,0.00000,29.0*3a
[2022-10-08 14:54:00.113] $GN 52.2783,20.8093,106,101,0*17
[2022-10-08 14:54:03.124] $PW 3.19300,0.00000,0.00000,0.00000,29.0*3a
[2022-10-08 14:54:03.140] $GN 52.2784,20.8093,110,101,1*16
[2022-10-08 14:54:06.141] $PW 3.19300,0.00000,0.00000,0.00000,30.0*32
[2022-10-08 14:54:06.157] $GN 52.2784,20.8093,111,101,1*17
[2022-10-08 14:54:09.157] $PW 3.19500,0.00000,0.00000,0.00000,28.0*3d
[2022-10-08 14:54:09.173] $GN 52.2783,20.8093,114,101,2*16
[2022-10-08 14:54:12.173] $PW 3.17600,0.00000,0.00000,0.00000,27.0*3f
[2022-10-08 14:54:12.188] $GN 52.2783,20.8093,115,101,1*14
[2022-10-08 14:54:15.200] $PW 3.19000,0.00000,0.00000,0.00000,28.0*38
[2022-10-08 14:54:15.200] $GN 52.2783,20.8093,111,101,1*10
[2022-10-08 14:54:18.216] $PW 3.19500,0.00000,0.00000,0.00000,29.0*3c
[2022-10-08 14:54:18.216] $GN 52.2783,20.8093,107,101,3*15
[2022-10-08 14:54:21.224] $PW 3.19300,0.00000,0.00000,0.00000,29.0*3a
[2022-10-08 14:54:21.240] $GN 52.2782,20.8093,105,101,2*17
[2022-10-08 14:54:24.254] $PW 3.19500,0.00000,0.00000,0.00000,28.0*3d
[2022-10-08 14:54:24.254] $GN 52.2782,20.8093,106,101,2*14
[2022-10-08 14:54:27.270] $PW 3.17600,0.00000,0.00000,0.00000,27.0*3f
[2022-10-08 14:54:27.270] $GN 52.2782,20.8093,109,101,1*18
[2022-10-08 14:54:30.286] $PW 3.19300,0.00000,0.00000,0.00000,28.0*3b
[2022-10-08 14:54:30.286] $GN 52.2782,20.8093,106,101,0*16
[2022-10-08 14:54:33.291] $PW 3.19000,0.00000,0.00000,0.00000,28.0*38
[2022-10-08 14:54:33.307] $GN 52.2782,20.8093,105,101,0*15
[2022-10-08 14:54:42.732] $CS DI=0x003431,DN=M138*21
[2022-10-08 14:54:42.842] $RT OK*22
[2022-10-08 14:54:44.539] $CS DI=0x003431,DN=M138*21
[2022-10-08 14:54:44.648] $RT OK*22
[2022-10-08 14:54:44.836] $RT 0*16
[2022-10-08 14:54:44.938] $PW OK*23
[2022-10-08 14:54:44.938] $PW 0*17
[2022-10-08 14:54:45.047] $DT OK*34
[2022-10-08 14:54:45.047] $DT 0*00
[2022-10-08 14:54:45.156] $GS OK*30
[2022-10-08 14:54:45.156] $GS 0*04
[2022-10-08 14:54:45.266] $GJ OK*29
[2022-10-08 14:54:45.266] $GJ 0*1d
[2022-10-08 14:54:45.375] $GN OK*2d
[2022-10-08 14:54:45.375] $GN 0*19
[2022-10-08 14:54:45.375] $PW 3.19300,0.00000,0.00000,0.00000,29.0*3a
[2022-10-08 14:54:45.391] $GN 52.2781,20.8093,95,101,1*2f
[2022-10-08 14:54:48.397] $PW 3.17600,0.00000,0.00000,0.00000,27.0*3f
[2022-10-08 14:54:48.397] $GN 52.2781,20.8093,95,101,0*2e
[2022-10-08 14:54:51.413] $PW 3.19000,0.00000,0.00000,0.00000,28.0*38
[2022-10-08 14:54:51.413] $GN 52.2781,20.8092,96,101,1*2d
[2022-10-08 14:54:54.423] $PW 3.19300,0.00000,0.00000,0.00000,28.0*3b
[2022-10-08 14:54:54.438] $GN 52.2781,20.8092,95,101,1*2e
[2022-10-08 14:54:57.454] $PW 3.18400,0.00000,0.00000,0.00000,28.0*3d
[2022-10-08 14:54:57.454] $GN 52.2782,20.8092,91,101,1*29
[2022-10-08 14:55:00.470] $PW 3.19000,0.00000,0.00000,0.00000,28.0*38
[2022-10-08 14:55:00.470] $GN 52.2782,20.8092,90,101,2*2b
[2022-10-08 14:55:03.485] $PW 3.19000,0.00000,0.00000,0.00000,29.0*39
[2022-10-08 14:55:03.485] $GN 52.2782,20.8091,85,101,2*2c
[2022-10-08 14:55:06.490] $PW 3.19300,0.00000,0.00000,0.00000,28.0*3b
[2022-10-08 14:55:06.506] $GN 52.2783,20.8091,84,101,3*2d
[2022-10-08 14:55:09.506] $PW 3.17600,0.00000,0.00000,0.00000,27.0*3f
[2022-10-08 14:55:09.521] $GN 52.2783,20.8091,83,101,1*28
[2022-10-08 14:55:12.533] $PW 3.19000,0.00000,0.00000,0.00000,28.0*38
[2022-10-08 14:55:12.533] $GN 52.2783,20.8091,85,101,4*2b
[2022-10-08 14:55:15.551] $PW 3.19300,0.00000,0.00000,0.00000,28.0*3b
[2022-10-08 14:55:15.551] $GN 52.2782,20.8091,83,101,3*2b
[2022-10-08 14:55:18.567] $PW 3.19000,0.00000,0.00000,0.00000,28.0*38
[2022-10-08 14:55:18.567] $GN 52.2783,20.8091,83,101,2*2b
[2022-10-08 14:55:21.583] $PW 3.19300,0.00000,0.00000,0.00000,29.0*3a
[2022-10-08 14:55:21.583] $GN 52.2782,20.8092,84,101,1*2d
[2022-10-08 14:55:24.592] $PW 3.19300,0.00000,0.00000,0.00000,28.0*3b
[2022-10-08 14:55:24.607] $GN 52.2782,20.8091,87,101,1*2d
[2022-10-08 14:55:27.607] $PW 3.19500,0.00000,0.00000,0.00000,29.0*3c
[2022-10-08 14:55:27.623] $GN 52.2782,20.8091,89,101,2*20
[2022-10-08 14:55:30.623] $PW 3.19500,0.00000,0.00000,0.00000,28.0*3d
[2022-10-08 14:55:30.638] $GN 52.2782,20.8091,88,101,1*22
[2022-10-08 14:55:33.644] $PW 3.17800,0.00000,0.00000,0.00000,27.0*31
[2022-10-08 14:55:33.644] $GN 52.2782,20.8091,86,101,1*2c
[2022-10-08 14:55:36.667] $PW 3.19300,0.00000,0.00000,0.00000,29.0*3a
[2022-10-08 14:55:36.667] $GN 52.2783,20.8091,85,101,1*2e
[2022-10-08 14:55:39.686] $PW 3.19300,0.00000,0.00000,0.00000,28.0*3b
[2022-10-08 14:55:39.686] $GN 52.2782,20.8091,84,101,1*2e
[2022-10-08 14:55:42.698] $PW 3.19300,0.00000,0.00000,0.00000,30.0*32
[2022-10-08 14:55:42.698] $GN 52.2783,20.8091,85,101,1*2e
[2022-10-08 14:55:45.720] $PW 3.19000,0.00000,0.00000,0.00000,28.0*38
[2022-10-08 14:55:45.720] $GN 52.2782,20.8092,85,101,1*2c
[2022-10-08 14:55:48.736] $PW 3.17600,0.00000,0.00000,0.00000,27.0*3f
[2022-10-08 14:55:48.736] $GN 52.2782,20.8092,89,101,2*23
[2022-10-08 14:55:51.751] $PW 3.18800,0.00000,0.00000,0.00000,28.0*31
[2022-10-08 14:55:51.751] $GN 52.2782,20.8092,88,101,1*21
[2022-10-08 14:55:54.765] $PW 3.19300,0.00000,0.00000,0.00000,28.0*3b
[2022-10-08 14:55:54.765] $GN 52.2782,20.8091,89,101,0*22
[2022-10-08 14:55:57.784] $PW 3.19000,0.00000,0.00000,0.00000,29.0*39
[2022-10-08 14:55:57.784] $GN 52.2782,20.8091,90,101,1*2b
[2022-10-08 14:56:00.800] $PW 3.19300,0.00000,0.00000,0.00000,28.0*3b
[2022-10-08 14:56:00.800] $GN 52.2782,20.8091,89,101,3*21
[2022-10-08 14:56:03.816] $PW 3.17800,0.00000,0.00000,0.00000,27.0*31
[2022-10-08 14:56:03.816] $GN 52.2782,20.8091,86,101,2*2f
[2022-10-08 14:56:06.831] $PW 3.19000,0.00000,0.00000,0.00000,28.0*38
[2022-10-08 14:56:06.831] $GN 52.2782,20.8091,84,101,1*2e
[2022-10-08 14:56:09.852] $PW 3.19500,0.00000,0.00000,0.00000,28.0*3d
[2022-10-08 14:56:09.852] $GN 52.2782,20.8091,84,101,2*2d
[2022-10-08 14:56:18.027] $CS DI=0x003431,DN=M138*21
[2022-10-08 14:56:18.137] $RT OK*22
[2022-10-08 14:56:19.837] $CS DI=0x003431,DN=M138*21
[2022-10-08 14:56:19.946] $RT OK*22
[2022-10-08 14:56:20.243] $RT 0*16
[2022-10-08 14:56:20.361] $PW OK*23
[2022-10-08 14:56:20.361] $PW 0*17
[2022-10-08 14:56:20.454] $DT OK*34
[2022-10-08 14:56:20.454] $DT 0*00
[2022-10-08 14:56:20.579] $GS OK*30
[2022-10-08 14:56:20.579] $GS 0*04
[2022-10-08 14:56:20.673] $GJ OK*29
[2022-10-08 14:56:20.673] $GJ 0*1d
[2022-10-08 14:56:20.798] $GN OK*2d
[2022-10-08 14:56:20.798] $GN 0*19
[2022-10-08 14:56:20.798] $PW 3.19000,0.00000,0.00000,0.00000,28.0*38
[2022-10-08 14:56:20.814] $GN 52.2781,20.8091,75,101,2*20
[2022-10-08 14:56:23.811] $PW 3.19000,0.00000,0.00000,0.00000,28.0*38
[2022-10-08 14:56:23.826] $GN 52.2782,20.8091,75,101,1*20
[2022-10-08 14:56:26.842] $PW 3.19300,0.00000,0.00000,0.00000,28.0*3b
[2022-10-08 14:56:26.842] $GN 52.2782,20.8092,75,101,1*23
[2022-10-08 14:56:29.857] $PW 3.17600,0.00000,0.00000,0.00000,27.0*3f
[2022-10-08 14:56:29.857] $GN 52.2782,20.8092,79,101,3*2d
[2022-10-08 14:56:32.870] $PW 3.19300,0.00000,0.00000,0.00000,28.0*3b
[2022-10-08 14:56:32.870] $GN 52.2782,20.8092,83,101,3*28
[2022-10-08 14:56:35.885] $PW 3.18800,0.00000,0.00000,0.00000,28.0*31
[2022-10-08 14:56:35.885] $GN 52.2783,20.8092,86,101,3*2c
[2022-10-08 14:56:38.903] $PW 3.19300,0.00000,0.00000,0.00000,28.0*3b
[2022-10-08 14:56:38.903] $GN 52.2783,20.8093,86,101,2*2c
[2022-10-08 14:56:41.918] $PW 3.19300,0.00000,0.00000,0.00000,29.0*3a
[2022-10-08 14:56:41.918] $GN 52.2784,20.8093,88,101,3*24
[2022-10-08 14:56:44.937] $PW 3.19000,0.00000,0.00000,0.00000,28.0*38
[2022-10-08 14:56:44.937] $GN 52.2784,20.8093,87,101,3*2b
[2022-10-08 14:56:47.953] $PW 3.19300,0.00000,0.00000,0.00000,30.0*32
[2022-10-08 14:56:47.953] $GN 52.2784,20.8093,87,101,2*2a
[2022-10-08 14:56:50.969] $PW 3.18400,0.00000,0.00000,0.00000,28.0*3d
[2022-10-08 14:56:50.969] $GN 52.2784,20.8093,90,101,3*2d
[2022-10-08 14:56:53.984] $PW 3.17400,0.00000,0.00000,0.00000,27.0*3d
[2022-10-08 14:56:53.984] $GN 52.2784,20.8093,92,101,2*2e
[2022-10-08 14:56:57.010] $PW 3.19300,0.00000,0.00000,0.00000,29.0*3a
[2022-10-08 14:56:57.010] $GN 52.2784,20.8093,96,101,1*29
[2022-10-08 14:57:00.025] $PW 3.19500,0.00000,0.00000,0.00000,28.0*3d
[2022-10-08 14:57:00.025] $GN 52.2784,20.8092,98,101,3*24
[2022-10-08 14:57:03.041] $PW 3.19300,0.00000,0.00000,0.00000,30.0*32
[2022-10-08 14:57:03.041] $GN 52.2784,20.8092,109,101,2*1c
[2022-10-08 14:57:06.059] $PW 3.19000,0.00000,0.00000,0.00000,28.0*38
[2022-10-08 14:57:06.059] $GN 52.2784,20.8092,111,101,0*17
[2022-10-08 14:57:09.075] $PW 3.17600,0.00000,0.00000,0.00000,27.0*3f
[2022-10-08 14:57:09.075] $GN 52.2785,20.8091,113,101,1*16
[2022-10-08 14:57:12.091] $PW 3.19300,0.00000,0.00000,0.00000,29.0*3a
[2022-10-08 14:57:12.091] $GN 52.2785,20.8091,118,101,3*1f
[2022-10-08 14:57:15.095] $PW 3.17600,0.00000,0.00000,0.00000,27.0*3f
[2022-10-08 14:57:15.111] $GN 52.2784,20.8091,119,101,2*1e
[2022-10-08 14:57:18.115] $PW 3.19300,0.00000,0.00000,0.00000,29.0*3a
[2022-10-08 14:57:18.130] $GN 52.2784,20.8091,121,101,2*15
[2022-10-08 14:57:21.130] $PW 3.19300,0.00000,0.00000,0.00000,29.0*3a
[2022-10-08 14:57:21.146] $GN 52.2784,20.8091,122,176,3*17
[2022-10-08 14:57:24.146] $PW 3.17600,0.00000,0.00000,0.00000,27.0*3f
[2022-10-08 14:57:24.161] $GN 52.2784,20.8091,119,181,2*16
[2022-10-08 14:57:27.163] $PW 3.19300,0.00000,0.00000,0.00000,29.0*3a
[2022-10-08 14:57:27.179] $GN 52.2784,20.8091,116,181,1*1a
[2022-10-08 14:57:30.179] $PW 3.19000,0.00000,0.00000,0.00000,29.0*39
[2022-10-08 14:57:30.194] $GN 52.2784,20.8091,115,181,1*19
[2022-10-08 14:57:33.201] $PW 3.19300,0.00000,0.00000,0.00000,29.0*3a
[2022-10-08 14:57:33.201] $GN 52.2784,20.8091,113,181,0*1e
[2022-10-08 14:57:36.217] $PW 3.17600,0.00000,0.00000,0.00000,28.0*30
[2022-10-08 14:57:36.217] $GN 52.2783,20.8091,113,181,0*19
[2022-10-08 14:57:39.241] $PW 3.19300,0.00000,0.00000,0.00000,29.0*3a
[2022-10-08 14:57:39.241] $GN 52.2783,20.8091,111,181,1*1a
[2022-10-08 14:57:42.258] $PW 3.19300,0.00000,0.00000,0.00000,29.0*3a
[2022-10-08 14:57:42.258] $GN 52.2783,20.8092,111,181,2*1a
[2022-10-08 14:57:45.268] $PW 3.19300,0.00000,0.00000,0.00000,30.0*32
[2022-10-08 14:57:45.268] $GN 52.2783,20.8092,111,181,2*1a
[2022-10-08 14:57:48.284] $PW 3.19300,0.00000,0.00000,0.00000,29.0*3a
[2022-10-08 14:57:48.284] $GN 52.2783,20.8092,110,181,2*1b
[2022-10-08 14:57:51.299] $PW 3.17600,0.00000,0.00000,0.00000,27.0*3f
[2022-10-08 14:57:51.315] $GN 52.2782,20.8092,113,181,3*18
[2022-10-08 14:57:54.315] $PW 3.18800,0.00000,0.00000,0.00000,28.0*31
[2022-10-08 14:57:54.331] $GN 52.2782,20.8092,114,181,3*1f
[2022-10-08 14:57:57.335] $PW 3.19300,0.00000,0.00000,0.00000,28.0*3b
[2022-10-08 14:57:57.335] $GN 52.2782,20.8092,113,181,3*18
[2022-10-08 14:58:00.347] $PW 3.19300,0.00000,0.00000,0.00000,29.0*3a
[2022-10-08 14:58:00.363] $GN 52.2782,20.8093,111,181,3*1b
[2022-10-08 14:58:03.364] $PW 3.19500,0.00000,0.00000,0.00000,29.0*3c
[2022-10-08 14:58:03.379] $GN 52.2782,20.8093,107,181,3*1c
[2022-10-08 14:58:06.379] $PW 3.17800,0.00000,0.00000,0.00000,28.0*3e
[2022-10-08 14:58:06.395] $GN 52.2781,20.8092,105,181,3*1c
[2022-10-08 14:58:09.395] $PW 3.19000,0.00000,0.00000,0.00000,28.0*38
[2022-10-08 14:58:09.411] $GN 52.2781,20.8092,101,181,3*18
[2022-10-08 14:58:12.424] $PW 3.19500,0.00000,0.00000,0.00000,29.0*3c
[2022-10-08 14:58:12.424] $GN 52.2781,20.8092,100,181,3*19
[2022-10-08 14:58:15.436] $PW 3.19000,0.00000,0.00000,0.00000,28.0*38
[2022-10-08 14:58:15.436] $GN 52.2781,20.8093,101,181,3*19
[2022-10-08 14:58:18.446] $PW 3.19500,0.00000,0.00000,0.00000,29.0*3c
[2022-10-08 14:58:18.462] $GN 52.2781,20.8093,99,181,1*2b
[2022-10-08 14:58:21.475] $PW 3.19300,0.00000,0.00000,0.00000,28.0*3b
[2022-10-08 14:58:21.475] $GN 52.2781,20.8093,96,181,2*27
[2022-10-08 14:58:24.486] $PW 3.19500,0.00000,0.00000,0.00000,30.0*34
[2022-10-08 14:58:24.486] $GN 52.2781,20.8092,95,181,1*26
[2022-10-08 14:58:27.500] $PW 3.19300,0.00000,0.00000,0.00000,28.0*3b
[2022-10-08 14:58:27.500] $GN 52.2781,20.8092,93,181,0*21
[2022-10-08 14:58:30.516] $PW 3.17600,0.00000,0.00000,0.00000,27.0*3f
[2022-10-08 14:58:30.531] $GN 52.2781,20.8092,92,181,2*22
[2022-10-08 14:58:33.542] $PW 3.19300,0.00000,0.00000,0.00000,29.0*3a
[2022-10-08 14:58:33.542] $GN 52.2781,20.8092,87,181,2*26
[2022-10-08 14:58:36.558] $PW 3.19300,0.00000,0.00000,0.00000,28.0*3b
[2022-10-08 14:58:36.558] $GN 52.2781,20.8092,86,181,1*24
[2022-10-08 14:58:39.573] $PW 3.19000,0.00000,0.00000,0.00000,28.0*38
[2022-10-08 14:58:39.573] $GN 52.2781,20.8093,86,181,1*25
[2022-10-08 14:58:42.594] $PW 3.19000,0.00000,0.00000,0.00000,28.0*38
[2022-10-08 14:58:42.594] $GN 52.2781,20.8092,87,181,1*25
[2022-10-08 14:58:45.609] $PW 3.19500,0.00000,0.00000,0.00000,28.0*3d
[2022-10-08 14:58:45.609] $GN 52.2782,20.8093,88,181,1*28
[2022-10-08 14:58:48.625] $PW 3.18800,0.00000,0.00000,0.00000,29.0*30
[2022-10-08 14:58:48.625] $GN 52.2782,20.8093,88,181,1*28
[2022-10-08 14:58:51.641] $PW 3.19000,0.00000,0.00000,0.00000,28.0*38
[2022-10-08 14:58:51.641] $GN 52.2782,20.8093,90,181,1*21
[2022-10-08 14:58:54.656] $PW 3.17600,0.00000,0.00000,0.00000,27.0*3f
[2022-10-08 14:58:54.656] $GN 52.2782,20.8094,89,181,0*2f
[2022-10-08 14:58:57.666] $PW 3.19000,0.00000,0.00000,0.00000,28.0*38
[2022-10-08 14:58:57.666] $GN 52.2782,20.8094,90,181,0*27
[2022-10-08 14:59:00.687] $PW 3.19300,0.00000,0.00000,0.00000,29.0*3a
[2022-10-08 14:59:00.687] $GN 52.2782,20.8094,88,181,0*2e
[2022-10-08 14:59:03.702] $PW 3.17400,0.00000,0.00000,0.00000,27.0*3d
[2022-10-08 14:59:03.702] $GN 52.2782,20.8093,91,181,1*20
[2022-10-08 14:59:06.718] $PW 3.19300,0.00000,0.00000,0.00000,28.0*3b
[2022-10-08 14:59:06.718] $GN 52.2782,20.8093,93,181,1*22
[2022-10-08 14:59:09.733] $PW 3.18000,0.00000,0.00000,0.00000,27.0*36
[2022-10-08 14:59:09.749] $GN 52.2782,20.8093,94,181,3*27
[2022-10-08 14:59:12.749] $PW 3.19500,0.00000,0.00000,0.00000,28.0*3d
[2022-10-08 14:59:12.765] $GN 52.2782,20.8093,94,181,3*27
[2022-10-08 14:59:15.766] $PW 3.19000,0.00000,0.00000,0.00000,28.0*38
[2022-10-08 14:59:15.782] $GN 52.2782,20.8093,96,181,2*24
[2022-10-08 14:59:18.782] $PW 3.17600,0.00000,0.00000,0.00000,27.0*3f
[2022-10-08 14:59:18.797] $GN 52.2782,20.8093,96,181,1*27
[2022-10-08 14:59:21.804] $PW 3.19000,0.00000,0.00000,0.00000,28.0*38
[2022-10-08 14:59:21.804] $GN 52.2782,20.8093,97,181,1*26
[2022-10-08 14:59:24.824] $PW 3.19300,0.00000,0.00000,0.00000,29.0*3a
[2022-10-08 14:59:24.824] $GN 52.2782,20.8092,96,181,2*25
[2022-10-08 14:59:27.843] $PW 3.19300,0.00000,0.00000,0.00000,28.0*3b
[2022-10-08 14:59:27.843] $GN 52.2783,20.8092,95,181,2*27
[2022-10-08 14:59:30.858] $PW 3.19300,0.00000,0.00000,0.00000,29.0*3a
[2022-10-08 14:59:30.858] $GN 52.2783,20.8092,93,181,0*23
[2022-10-08 14:59:33.864] $PW 3.19300,0.00000,0.00000,0.00000,28.0*3b
[2022-10-08 14:59:33.880] $GN 52.2781,20.8093,94,133,14*1b
[2022-10-08 14:59:36.890] $PW 3.19300,0.00000,0.00000,0.00000,28.0*3b
[2022-10-08 14:59:36.890] $GN 52.2781,20.8094,95,145,10*18
[2022-10-08 14:59:39.906] $PW 3.19300,0.00000,0.00000,0.00000,29.0*3a
[2022-10-08 14:59:39.906] $GN 52.2780,20.8093,96,160,8*23
[2022-10-08 14:59:42.923] $PW 3.17600,0.00000,0.00000,0.00000,27.0*3f
[2022-10-08 14:59:42.923] $GN 52.2781,20.8093,96,164,2*2c
[2022-10-08 14:59:45.940] $PW 3.19300,0.00000,0.00000,0.00000,29.0*3a
[2022-10-08 14:59:45.940] $GN 52.2781,20.8093,95,164,0*2d
[2022-10-08 14:59:48.955] $PW 3.19300,0.00000,0.00000,0.00000,29.0*3a
[2022-10-08 14:59:48.955] $GN 52.2781,20.8093,94,164,1*2d
[2022-10-08 14:59:51.971] $PW 3.17600,0.00000,0.00000,0.00000,27.0*3f
[2022-10-08 14:59:51.971] $GN 52.2781,20.8093,92,164,0*2a
[2022-10-08 14:59:54.994] $PW 3.18800,0.00000,0.00000,0.00000,28.0*31
[2022-10-08 14:59:54.994] $GN 52.2781,20.8092,91,164,2*2a
[2022-10-08 14:59:58.002] $PW 3.19300,0.00000,0.00000,0.00000,30.0*32
[2022-10-08 14:59:58.015] $GN 52.2781,20.8092,92,164,1*2a
[2022-10-08 15:00:01.020] $PW 3.19300,0.00000,0.00000,0.00000,29.0*3a
[2022-10-08 15:00:01.020] $GN 52.2781,20.8093,93,164,1*2a
[2022-10-08 15:00:04.030] $PW 3.19300,0.00000,0.00000,0.00000,29.0*3a
[2022-10-08 15:00:04.046] $GN 52.2782,20.8092,92,164,1*29
[2022-10-08 15:00:07.062] $PW 3.19000,0.00000,0.00000,0.00000,28.0*38
[2022-10-08 15:00:07.062] $GN 52.2782,20.8092,92,164,2*2a
[2022-10-08 15:00:10.077] $PW 3.19300,0.00000,0.00000,0.00000,28.0*3b
[2022-10-08 15:00:10.077] $GN 52.2782,20.8093,91,164,4*2e
[2022-10-08 15:00:13.093] $PW 3.19300,0.00000,0.00000,0.00000,29.0*3a
[2022-10-08 15:00:13.093] $GN 52.2783,20.8093,90,56,4*1e
[2022-10-08 15:00:16.101] $PW 3.17600,0.00000,0.00000,0.00000,27.0*3f
[2022-10-08 15:00:16.101] $GN 52.2784,20.8093,89,33,4*12
[2022-10-08 15:00:19.121] $PW 3.17400,0.00000,0.00000,0.00000,27.0*3d
[2022-10-08 15:00:19.121] $GN 52.2784,20.8093,88,33,2*15
[2022-10-08 15:00:22.126] $PW 3.19000,0.00000,0.00000,0.00000,30.0*31
[2022-10-08 15:00:22.142] $GN 52.2783,20.8093,87,33,1*1e
[2022-10-08 15:00:25.153] $PW 3.19300,0.00000,0.00000,0.00000,29.0*3a
[2022-10-08 15:00:25.153] $GN 52.2783,20.8093,86,33,1*1f
[2022-10-08 15:00:28.168] $PW 3.19000,0.00000,0.00000,0.00000,29.0*39
[2022-10-08 15:00:28.168] $GN 52.2783,20.8093,85,33,1*1c
[2022-10-08 15:00:31.184] $PW 3.19000,0.00000,0.00000,0.00000,28.0*38
[2022-10-08 15:00:31.184] $GN 52.2783,20.8093,84,33,1*1d
[2022-10-08 15:00:34.194] $PW 3.18800,0.00000,0.00000,0.00000,28.0*31
[2022-10-08 15:00:34.194] $GN 52.2783,20.8093,83,33,1*1a
[2022-10-08 15:00:37.210] $PW 3.19000,0.00000,0.00000,0.00000,28.0*38
[2022-10-08 15:00:37.210] $GN 52.2783,20.8093,82,33,1*1b
[2022-10-08 15:00:40.225] $PW 3.19000,0.00000,0.00000,0.00000,29.0*39
[2022-10-08 15:00:40.241] $GN 52.2783,20.8093,81,33,0*19
[2022-10-08 15:00:43.240] $PW 3.19000,0.00000,0.00000,0.00000,29.0*39
[2022-10-08 15:00:43.255] $GN 52.2783,20.8093,81,33,1*18
[2022-10-08 15:00:46.266] $PW 3.18400,0.00000,0.00000,0.00000,28.0*3d
[2022-10-08 15:00:46.266] $GN 52.2783,20.8094,81,33,1*1f
[2022-10-08 15:00:49.280] $PW 3.19300,0.00000,0.00000,0.00000,29.0*3a
[2022-10-08 15:00:49.280] $GN 52.2783,20.8094,81,33,1*1f
[2022-10-08 15:00:52.295] $PW 3.17400,0.00000,0.00000,0.00000,28.0*32
[2022-10-08 15:00:52.295] $GN 52.2783,20.8093,81,33,4*1d
[2022-10-08 15:00:55.304] $PW 3.19000,0.00000,0.00000,0.00000,28.0*38
[2022-10-08 15:00:55.304] $GN 52.2782,20.8093,82,123,7*2c
[2022-10-08 15:00:58.319] $PW 3.19000,0.00000,0.00000,0.00000,29.0*39
[2022-10-08 15:00:58.335] $GN 52.2781,20.8093,82,173,6*2b
[2022-10-08 15:01:01.336] $PW 3.19000,0.00000,0.00000,0.00000,30.0*31
[2022-10-08 15:01:01.351] $GN 52.2782,20.8093,81,173,2*2f
[2022-10-08 15:01:04.352] $PW 3.19000,0.00000,0.00000,0.00000,29.0*39
[2022-10-08 15:01:04.368] $GN 52.2782,20.8093,80,173,1*2d
[2022-10-08 15:01:07.368] $PW 3.19000,0.00000,0.00000,0.00000,29.0*39
[2022-10-08 15:01:07.384] $GN 52.2782,20.8094,80,173,3*28
[2022-10-08 15:01:10.384] $PW 3.19300,0.00000,0.00000,0.00000,29.0*3a
[2022-10-08 15:01:10.399] $GN 52.2782,20.8094,79,173,2*2f
[2022-10-08 15:01:13.399] $PW 3.19000,0.00000,0.00000,0.00000,29.0*39
[2022-10-08 15:01:13.415] $GN 52.2782,20.8094,79,173,0*2d
[2022-10-08 15:01:16.430] $PW 3.19300,0.00000,0.00000,0.00000,29.0*3a
[2022-10-08 15:01:16.430] $GN 52.2782,20.8094,77,173,1*22
[2022-10-08 15:01:19.434] $PW 3.19000,0.00000,0.00000,0.00000,29.0*39
[2022-10-08 15:01:19.450] $GN 52.2782,20.8094,76,173,1*23
[2022-10-08 15:01:22.450] $PW 3.19000,0.00000,0.00000,0.00000,29.0*39
[2022-10-08 15:01:22.465] $GN 52.2782,20.8094,75,173,1*20
[2022-10-08 15:01:25.474] $PW 3.19000,0.00000,0.00000,0.00000,29.0*39
[2022-10-08 15:01:25.474] $GN 52.2782,20.8094,74,173,1*21
[2022-10-08 15:01:28.489] $PW 3.19300,0.00000,0.00000,0.00000,29.0*3a
[2022-10-08 15:01:28.489] $GN 52.2782,20.8094,74,173,1*21
[2022-10-08 15:01:31.505] $PW 3.18600,0.00000,0.00000,0.00000,28.0*3f
[2022-10-08 15:01:31.505] $GN 52.2782,20.8094,74,173,2*22
[2022-10-08 15:01:34.519] $PW 3.19000,0.00000,0.00000,0.00000,30.0*31
[2022-10-08 15:01:34.535] $GN 52.2783,20.8094,75,173,1*21
[2022-10-08 15:01:37.541] $PW 3.18800,0.00000,0.00000,0.00000,29.0*30
[2022-10-08 15:01:37.541] $GN 52.2783,20.8094,76,173,2*21
[2022-10-08 15:01:40.557] $PW 3.19300,0.00000,0.00000,0.00000,29.0*3a
[2022-10-08 15:01:40.557] $GN 52.2783,20.8094,76,173,2*21
[2022-10-08 15:01:43.574] $PW 3.19300,0.00000,0.00000,0.00000,29.0*3a
[2022-10-08 15:01:43.574] $GN 52.2783,20.8094,76,173,1*22
[2022-10-08 15:01:46.586] $PW 3.17400,0.00000,0.00000,0.00000,27.0*3d
[2022-10-08 15:01:46.601] $GN 52.2783,20.8094,77,173,2*20
[2022-10-08 15:01:49.608] $PW 3.18800,0.00000,0.00000,0.00000,29.0*30
[2022-10-08 15:01:49.608] $GN 52.2784,20.8094,77,173,2*27
[2022-10-08 15:01:52.624] $PW 3.19000,0.00000,0.00000,0.00000,29.0*39
[2022-10-08 15:01:52.624] $GN 52.2784,20.8094,79,173,2*29
[2022-10-08 15:01:55.648] $PW 3.17400,0.00000,0.00000,0.00000,27.0*3d
[2022-10-08 15:01:55.648] $GN 52.2784,20.8093,80,173,2*28
[2022-10-08 15:01:58.663] $PW 3.19300,0.00000,0.00000,0.00000,29.0*3a
[2022-10-08 15:01:58.663] $GN 52.2784,20.8093,80,173,1*2b
[2022-10-08 15:02:01.670] $PW 3.19000,0.00000,0.00000,0.00000,29.0*39
[2022-10-08 15:02:01.686] $GN 52.2784,20.8093,80,173,1*2b
[2022-10-08 15:02:04.683] $PW 3.19000,0.00000,0.00000,0.00000,29.0*39
[2022-10-08 15:02:04.699] $GN 52.2784,20.8093,80,173,2*28
[2022-10-08 15:02:07.714] $PW 3.19300,0.00000,0.00000,0.00000,29.0*3a
[2022-10-08 15:02:07.714] $GN 52.2784,20.8093,79,173,1*2d
[2022-10-08 15:02:10.730] $PW 3.19300,0.00000,0.00000,0.00000,29.0*3a
[2022-10-08 15:02:10.730] $GN 52.2784,20.8093,79,173,3*2f
[2022-10-08 15:02:13.745] $PW 3.19300,0.00000,0.00000,0.00000,29.0*3a
[2022-10-08 15:02:13.745] $GN 52.2784,20.8094,79,173,3*28
[2022-10-08 15:02:16.761] $PW 3.19300,0.00000,0.00000,0.00000,29.0*3a
[2022-10-08 15:02:16.761] $GN 52.2784,20.8094,79,173,2*29
[2022-10-08 15:02:19.770] $PW 3.19000,0.00000,0.00000,0.00000,29.0*39
[2022-10-08 15:02:19.785] $GN 52.2784,20.8094,78,66,3*1c
[2022-10-08 15:02:22.796] $PW 3.19300,0.00000,0.00000,0.00000,29.0*3a
[2022-10-08 15:02:22.796] $GN 52.2784,20.8094,78,66,0*1f
[2022-10-08 15:02:25.810] $PW 3.19000,0.00000,0.00000,0.00000,30.0*31
[2022-10-08 15:02:25.810] $GN 52.2784,20.8094,79,66,1*1f
[2022-10-08 15:02:28.817] $PW 3.19300,0.00000,0.00000,0.00000,29.0*3a
[2022-10-08 15:02:28.833] $GN 52.2784,20.8094,79,66,1*1f
[2022-10-08 15:02:31.833] $PW 3.19300,0.00000,0.00000,0.00000,29.0*3a
[2022-10-08 15:02:31.849] $GN 52.2784,20.8094,80,66,1*19
[2022-10-08 15:02:34.850] $PW 3.19000,0.00000,0.00000,0.00000,29.0*39
[2022-10-08 15:02:34.850] $GN 52.2784,20.8094,81,66,1*18
[2022-10-08 15:02:37.875] $PW 3.19000,0.00000,0.00000,0.00000,29.0*39
[2022-10-08 15:02:37.875] $GN 52.2784,20.8093,81,66,0*1e
[2022-10-08 15:02:40.890] $PW 3.19000,0.00000,0.00000,0.00000,29.0*39
[2022-10-08 15:02:40.890] $GN 52.2784,20.8093,81,66,0*1e
[2022-10-08 15:02:43.901] $PW 3.18400,0.00000,0.00000,0.00000,28.0*3d
[2022-10-08 15:02:43.901] $GN 52.2784,20.8093,80,66,0*1f
[2022-10-08 15:02:46.920] $PW 3.19300,0.00000,0.00000,0.00000,29.0*3a
[2022-10-08 15:02:46.920] $GN 52.2783,20.8093,79,66,1*1f
[2022-10-08 15:02:49.936] $PW 3.19000,0.00000,0.00000,0.00000,29.0*39
[2022-10-08 15:02:49.936] $GN 52.2783,20.8093,78,66,1*1e
[2022-10-08 15:02:52.952] $PW 3.19300,0.00000,0.00000,0.00000,29.0*3a
[2022-10-08 15:02:52.952] $GN 52.2783,20.8093,75,66,3*11
[2022-10-08 15:02:55.969] $PW 3.19000,0.00000,0.00000,0.00000,29.0*39
[2022-10-08 15:02:55.969] $GN 52.2783,20.8092,73,143,8*2b
[2022-10-08 15:02:58.973] $PW 3.19000,0.00000,0.00000,0.00000,29.0*39
[2022-10-08 15:02:58.988] $GN 52.2783,20.8092,73,143,5*26
[2022-10-08 15:03:01.988] $PW 3.19300,0.00000,0.00000,0.00000,29.0*3a
[2022-10-08 15:03:02.004] $GN 52.2782,20.8092,73,143,5*27
[2022-10-08 15:03:05.020] $PW 3.19000,0.00000,0.00000,0.00000,29.0*39
[2022-10-08 15:03:05.020] $GN 52.2782,20.8092,75,143,4*20
[2022-10-08 15:03:08.035] $PW 3.17400,0.00000,0.00000,0.00000,27.0*3d
[2022-10-08 15:03:08.035] $GN 52.2781,20.8092,76,143,3*27
[2022-10-08 15:03:11.050] $PW 3.19300,0.00000,0.00000,0.00000,29.0*3a
[2022-10-08 15:03:11.050] $GN 52.2781,20.8092,74,143,3*25
[2022-10-08 15:03:14.067] $PW 3.19500,0.00000,0.00000,0.00000,29.0*3c
[2022-10-08 15:03:14.067] $GN 52.2780,20.8091,69,143,1*29
[2022-10-08 15:03:17.078] $PW 3.18800,0.00000,0.00000,0.00000,28.0*31
[2022-10-08 15:03:17.078] $GN 52.2780,20.8091,68,143,0*29
[2022-10-08 15:03:20.094] $PW 3.19300,0.00000,0.00000,0.00000,29.0*3a
[2022-10-08 15:03:20.094] $GN 52.2780,20.8091,65,143,0*24
[2022-10-08 15:03:23.119] $PW 3.19300,0.00000,0.00000,0.00000,29.0*3a
[2022-10-08 15:03:23.119] $GN 52.2780,20.8092,66,143,1*25
[2022-10-08 15:03:26.126] $PW 3.19000,0.00000,0.00000,0.00000,30.0*31
[2022-10-08 15:03:26.126] $GN 52.2780,20.8092,68,143,1*2b
[2022-10-08 15:03:29.153] $PW 3.19300,0.00000,0.00000,0.00000,29.0*3a
[2022-10-08 15:03:29.158] $GN 52.2780,20.8092,67,143,1*24
[2022-10-08 15:03:32.163] $PW 3.17400,0.00000,0.00000,0.00000,27.0*3d
[2022-10-08 15:03:32.163] $GN 52.2781,20.8092,68,143,1*2a
[2022-10-08 15:03:35.178] $PW 3.19300,0.00000,0.00000,0.00000,28.0*3b
[2022-10-08 15:03:35.178] $GN 52.2781,20.8093,65,143,2*25
[2022-10-08 15:03:38.202] $PW 3.18800,0.00000,0.00000,0.00000,28.0*31
[2022-10-08 15:03:38.202] $GN 52.2781,20.8092,65,143,1*27
[2022-10-08 15:03:41.217] $PW 3.17400,0.00000,0.00000,0.00000,27.0*3d
[2022-10-08 15:03:41.217] $GN 52.2781,20.8093,69,143,1*2a
[2022-10-08 15:03:44.235] $PW 3.19300,0.00000,0.00000,0.00000,28.0*3b
[2022-10-08 15:03:44.235] $GN 52.2781,20.8093,72,143,2*23
[2022-10-08 15:03:47.247] $PW 3.19300,0.00000,0.00000,0.00000,29.0*3a
[2022-10-08 15:03:47.247] $GN 52.2781,20.8093,75,143,0*26
[2022-10-08 15:03:50.258] $PW 3.19700,0.00000,0.00000,0.00000,29.0*3e
[2022-10-08 15:03:50.274] $GN 52.2781,20.8093,75,143,1*27
[2022-10-08 15:03:53.277] $PW 3.19000,0.00000,0.00000,0.00000,28.0*38
[2022-10-08 15:03:53.277] $GN 52.2782,20.8092,71,143,2*22
[2022-10-08 15:03:56.299] $PW 3.19300,0.00000,0.00000,0.00000,28.0*3b
[2022-10-08 15:03:56.299] $GN 52.2782,20.8092,71,143,2*22
[2022-10-08 15:03:59.315] $PW 3.18800,0.00000,0.00000,0.00000,29.0*30
[2022-10-08 15:03:59.315] $GN 52.2782,20.8093,71,143,2*23
[2022-10-08 15:04:02.335] $PW 3.19500,0.00000,0.00000,0.00000,29.0*3c
[2022-10-08 15:04:02.335] $GN 52.2783,20.8093,76,143,2*25
[2022-10-08 15:04:05.350] $PW 3.17600,0.00000,0.00000,0.00000,27.0*3f
[2022-10-08 15:04:05.350] $GN 52.2784,20.8093,76,143,3*23
[2022-10-08 15:04:08.366] $PW 3.19300,0.00000,0.00000,0.00000,28.0*3b
[2022-10-08 15:04:08.375] $GN 52.2783,20.8093,77,143,3*25
[2022-10-08 15:04:11.384] $PW 3.19300,0.00000,0.00000,0.00000,29.0*3a
[2022-10-08 15:04:11.384] $GN 52.2783,20.8092,75,143,1*24
[2022-10-08 15:04:14.400] $PW 3.19500,0.00000,0.00000,0.00000,30.0*34
[2022-10-08 15:04:14.400] $GN 52.2783,20.8092,76,143,3*25
[2022-10-08 15:04:17.416] $PW 3.19300,0.00000,0.00000,0.00000,29.0*3a
[2022-10-08 15:04:17.416] $GN 52.2783,20.8092,78,143,1*29
[2022-10-08 15:04:20.430] $PW 3.19300,0.00000,0.00000,0.00000,29.0*3a
[2022-10-08 15:04:20.430] $GN 52.2783,20.8093,81,143,2*2d
[2022-10-08 15:04:23.446] $PW 3.19300,0.00000,0.00000,0.00000,30.0*32
[2022-10-08 15:04:23.446] $GN 52.2783,20.8093,81,143,1*2e
[2022-10-08 15:04:26.466] $PW 3.19000,0.00000,0.00000,0.00000,28.0*38
[2022-10-08 15:04:26.466] $GN 52.2783,20.8092,79,143,2*2b
[2022-10-08 15:04:29.483] $PW 3.17600,0.00000,0.00000,0.00000,27.0*3f
[2022-10-08 15:04:29.483] $GN 52.2782,20.8092,83,143,1*2c
[2022-10-08 15:04:32.498] $PW 3.18800,0.00000,0.00000,0.00000,28.0*31
[2022-10-08 15:04:32.498] $GN 52.2783,20.8092,84,143,1*2a
[2022-10-08 15:04:35.513] $PW 3.19500,0.00000,0.00000,0.00000,29.0*3c
[2022-10-08 15:04:35.513] $GN 52.2783,20.8093,87,143,1*28
[2022-10-08 15:04:38.536] $PW 3.19300,0.00000,0.00000,0.00000,29.0*3a
[2022-10-08 15:04:38.536] $GN 52.2783,20.8093,88,143,1*27
[2022-10-08 15:04:41.552] $PW 3.19000,0.00000,0.00000,0.00000,28.0*38
[2022-10-08 15:04:41.552] $GN 52.2783,20.8093,88,143,2*24
[2022-10-08 15:04:44.568] $PW 3.19300,0.00000,0.00000,0.00000,29.0*3a
[2022-10-08 15:04:44.568] $GN 52.2783,20.8092,90,143,1*2f
[2022-10-08 15:04:47.583] $PW 3.19000,0.00000,0.00000,0.00000,29.0*39
[2022-10-08 15:04:47.583] $GN 52.2783,20.8092,91,143,1*2e
[2022-10-08 15:04:50.592] $PW 3.19300,0.00000,0.00000,0.00000,28.0*3b
[2022-10-08 15:04:50.607] $GN 52.2783,20.8092,89,143,1*27
[2022-10-08 15:04:53.611] $PW 3.17600,0.00000,0.00000,0.00000,28.0*30
[2022-10-08 15:04:53.611] $GN 52.2783,20.8092,88,143,1*26
[2022-10-08 15:04:56.623] $PW 3.19000,0.00000,0.00000,0.00000,29.0*39
[2022-10-08 15:04:56.639] $GN 52.2783,20.8092,89,143,2*24
[2022-10-08 15:04:59.639] $PW 3.19300,0.00000,0.00000,0.00000,28.0*3b
[2022-10-08 15:04:59.655] $GN 52.2783,20.8092,89,143,1*27
[2022-10-08 15:05:02.670] $PW 3.19000,0.00000,0.00000,0.00000,28.0*38
[2022-10-08 15:05:02.670] $GN 52.2783,20.8092,89,143,1*27
[2022-10-08 15:05:05.679] $PW 3.19300,0.00000,0.00000,0.00000,28.0*3b
[2022-10-08 15:05:05.679] $GN 52.2784,20.8092,88,143,2*22
[2022-10-08 15:05:08.694] $PW 3.18400,0.00000,0.00000,0.00000,28.0*3d
[2022-10-08 15:05:08.694] $GN 52.2783,20.8091,92,143,1*2e
[2022-10-08 15:05:11.714] $PW 3.19000,0.00000,0.00000,0.00000,29.0*39
[2022-10-08 15:05:11.714] $GN 52.2784,20.8092,92,143,3*28
[2022-10-08 15:05:14.730] $PW 3.19300,0.00000,0.00000,0.00000,29.0*3a
[2022-10-08 15:05:14.730] $GN 52.2784,20.8092,88,356,6*20
[2022-10-08 15:05:17.746] $PW 3.19000,0.00000,0.00000,0.00000,28.0*38
[2022-10-08 15:05:17.746] $GN 52.2784,20.8092,91,356,4*2a
[2022-10-08 15:05:20.761] $PW 3.19300,0.00000,0.00000,0.00000,30.0*32
[2022-10-08 15:05:20.761] $GN 52.2784,20.8092,89,356,1*26
[2022-10-08 15:05:23.777] $PW 3.19000,0.00000,0.00000,0.00000,29.0*39
[2022-10-08 15:05:23.793] $GN 52.2783,20.8091,89,356,3*20
[2022-10-08 15:05:26.791] $PW 3.17800,0.00000,0.00000,0.00000,27.0*31
[2022-10-08 15:05:26.806] $GN 52.2783,20.8092,87,356,2*2c
[2022-10-08 15:05:29.806] $PW 3.19300,0.00000,0.00000,0.00000,29.0*3a
[2022-10-08 15:05:29.822] $GN 52.2783,20.8092,91,356,2*2b
[2022-10-08 15:05:32.838] $PW 3.19300,0.00000,0.00000,0.00000,29.0*3a
[2022-10-08 15:05:32.838] $GN 52.2782,20.8092,94,356,2*2f
[2022-10-08 15:05:35.854] $PW 3.19000,0.00000,0.00000,0.00000,28.0*38
[2022-10-08 15:05:35.854] $GN 52.2782,20.8092,93,356,1*2b
[2022-10-08 15:05:38.869] $PW 3.18800,0.00000,0.00000,0.00000,29.0*30
[2022-10-08 15:05:38.869] $GN 52.2783,20.8092,94,356,1*2d
[2022-10-08 15:05:41.885] $PW 3.19000,0.00000,0.00000,0.00000,28.0*38
[2022-10-08 15:05:41.885] $GN 52.2783,20.8092,95,356,2*2f
[2022-10-08 15:05:44.904] $PW 3.19300,0.00000,0.00000,0.00000,29.0*3a
[2022-10-08 15:05:44.904] $GN 52.2782,20.8090,92,356,3*2a
[2022-10-08 15:05:47.913] $PW 3.19000,0.00000,0.00000,0.00000,29.0*39
[2022-10-08 15:05:47.913] $GN 52.2782,20.8090,92,356,3*2a
[2022-10-08 15:05:50.934] $PW 3.19000,0.00000,0.00000,0.00000,30.0*31
[2022-10-08 15:05:50.934] $GN 52.2782,20.8091,90,356,2*28
[2022-10-08 15:05:53.944] $PW 3.18600,0.00000,0.00000,0.00000,28.0*3f
[2022-10-08 15:05:53.959] $GN 52.2782,20.8091,90,356,2*28
[2022-10-08 15:05:56.956] $PW 3.19300,0.00000,0.00000,0.00000,30.0*32
[2022-10-08 15:05:56.971] $GN 52.2782,20.8092,88,356,1*21
[2022-10-08 15:05:59.979] $PW 3.19300,0.00000,0.00000,0.00000,29.0*3a
[2022-10-08 15:05:59.979] $GN 52.2782,20.8092,87,356,1*2e
[2022-10-08 15:06:03.002] $PW 3.19300,0.00000,0.00000,0.00000,29.0*3a
[2022-10-08 15:06:03.002] $GN 52.2782,20.8092,85,356,1*2c
[2022-10-08 15:06:06.018] $PW 3.19000,0.00000,0.00000,0.00000,29.0*39
[2022-10-08 15:06:06.018] $GN 52.2782,20.8092,84,356,1*2d
[2022-10-08 15:06:09.033] $PW 3.19000,0.00000,0.00000,0.00000,29.0*39
[2022-10-08 15:06:09.033] $GN 52.2782,20.8092,82,356,1*2b
[2022-10-08 15:06:12.048] $PW 3.18800,0.00000,0.00000,0.00000,29.0*30
[2022-10-08 15:06:12.048] $GN 52.2782,20.8092,81,356,1*28
[2022-10-08 15:06:15.062] $PW 3.19300,0.00000,0.00000,0.00000,29.0*3a
[2022-10-08 15:06:15.062] $GN 52.2782,20.8092,79,356,0*2e
[2022-10-08 15:06:18.078] $PW 3.19000,0.00000,0.00000,0.00000,30.0*31
[2022-10-08 15:06:18.078] $GN 52.2782,20.8092,78,356,0*2f
[2022-10-08 15:06:21.095] $PW 3.18800,0.00000,0.00000,0.00000,28.0*31
[2022-10-08 15:06:21.095] $GN 52.2782,20.8092,78,356,1*2e
[2022-10-08 15:06:24.111] $PW 3.19300,0.00000,0.00000,0.00000,29.0*3a
[2022-10-08 15:06:24.111] $GN 52.2782,20.8092,79,356,0*2e
[2022-10-08 15:06:27.134] $PW 3.19000,0.00000,0.00000,0.00000,29.0*39
[2022-10-08 15:06:27.134] $GN 52.2782,20.8092,80,356,1*29
[2022-10-08 15:06:30.150] $PW 3.17600,0.00000,0.00000,0.00000,27.0*3f
[2022-10-08 15:06:30.150] $GN 52.2782,20.8092,82,356,2*28
[2022-10-08 15:06:33.169] $PW 3.19000,0.00000,0.00000,0.00000,29.0*39
[2022-10-08 15:06:33.169] $GN 52.2782,20.8092,82,356,1*2b
[2022-10-08 15:06:36.184] $PW 3.19300,0.00000,0.00000,0.00000,29.0*3a
[2022-10-08 15:06:36.184] $GN 52.2782,20.8092,82,356,0*2a
[2022-10-08 15:06:39.197] $PW 3.19300,0.00000,0.00000,0.00000,29.0*3a
[2022-10-08 15:06:39.197] $GN 52.2782,20.8092,82,356,0*2a
[2022-10-08 15:06:42.213] $PW 3.19000,0.00000,0.00000,0.00000,28.0*38
[2022-10-08 15:06:42.213] $GN 52.2782,20.8092,81,356,1*28
[2022-10-08 15:06:45.229] $PW 3.18800,0.00000,0.00000,0.00000,28.0*31
[2022-10-08 15:06:45.229] $GN 52.2782,20.8092,81,356,1*28
[2022-10-08 15:06:48.244] $PW 3.17400,0.00000,0.00000,0.00000,27.0*3d
[2022-10-08 15:06:48.244] $GN 52.2782,20.8092,81,356,0*29
[2022-10-08 15:06:51.260] $PW 3.19300,0.00000,0.00000,0.00000,29.0*3a
[2022-10-08 15:06:51.276] $GN 52.2782,20.8092,82,356,0*2a
[2022-10-08 15:06:54.276] $PW 3.19000,0.00000,0.00000,0.00000,29.0*39
[2022-10-08 15:06:54.291] $GN 52.2782,20.8091,81,356,0*2a
[2022-10-08 15:06:57.295] $PW 3.17800,0.00000,0.00000,0.00000,28.0*3e
[2022-10-08 15:06:57.295] $GN 52.2782,20.8091,82,356,0*29
[2022-10-08 15:07:00.311] $PW 3.19300,0.00000,0.00000,0.00000,29.0*3a
[2022-10-08 15:07:00.311] $GN 52.2782,20.8091,82,356,1*28
[2022-10-08 15:07:03.326] $PW 3.19500,0.00000,0.00000,0.00000,29.0*3c
[2022-10-08 15:07:03.342] $GN 52.2782,20.8091,82,356,2*2b
[2022-10-08 15:07:06.343] $PW 3.19500,0.00000,0.00000,0.00000,29.0*3c
[2022-10-08 15:07:06.358] $GN 52.2782,20.8091,81,356,2*28
[2022-10-08 15:07:09.358] $PW 3.19500,0.00000,0.00000,0.00000,29.0*3c
[2022-10-08 15:07:09.374] $GN 52.2782,20.8091,81,356,0*2a
[2022-10-08 15:07:12.377] $PW 3.19300,0.00000,0.00000,0.00000,29.0*3a
[2022-10-08 15:07:12.392] $GN 52.2782,20.8092,78,356,1*2e
[2022-10-08 15:07:15.405] $PW 3.19300,0.00000,0.00000,0.00000,30.0*32
[2022-10-08 15:07:15.405] $GN 52.2782,20.8092,75,356,1*23
[2022-10-08 15:07:18.420] $PW 3.18800,0.00000,0.00000,0.00000,28.0*31
[2022-10-08 15:07:18.420] $GN 52.2782,20.8091,72,356,1*27
[2022-10-08 15:07:21.436] $PW 3.17800,0.00000,0.00000,0.00000,28.0*3e
[2022-10-08 15:07:21.436] $GN 52.2783,20.8092,72,356,1*25
[2022-10-08 15:07:24.452] $PW 3.19000,0.00000,0.00000,0.00000,28.0*38
[2022-10-08 15:07:24.452] $GN 52.2783,20.8092,74,356,2*20
[2022-10-08 15:07:27.466] $PW 3.19300,0.00000,0.00000,0.00000,29.0*3a
[2022-10-08 15:07:27.466] $GN 52.2783,20.8092,74,356,2*20
[2022-10-08 15:07:30.473] $PW 3.19000,0.00000,0.00000,0.00000,28.0*38
[2022-10-08 15:07:30.489] $GN 52.2783,20.8092,75,356,3*20
[2022-10-08 15:07:33.502] $PW 3.19000,0.00000,0.00000,0.00000,28.0*38
[2022-10-08 15:07:33.502] $GN 52.2783,20.8092,73,356,3*26
[2022-10-08 15:07:36.519] $PW 3.19300,0.00000,0.00000,0.00000,29.0*3a
[2022-10-08 15:07:36.519] $GN 52.2783,20.8092,71,356,2*25
[2022-10-08 15:07:39.534] $PW 3.19000,0.00000,0.00000,0.00000,30.0*31
[2022-10-08 15:07:39.534] $GN 52.2783,20.8092,71,356,2*25
[2022-10-08 15:07:42.550] $PW 3.19300,0.00000,0.00000,0.00000,29.0*3a
[2022-10-08 15:07:42.550] $GN 52.2783,20.8092,71,356,1*26
[2022-10-08 15:07:45.571] $PW 3.17600,0.00000,0.00000,0.00000,27.0*3f
[2022-10-08 15:07:45.571] $GN 52.2783,20.8092,70,356,1*27
[2022-10-08 15:07:48.575] $PW 3.19300,0.00000,0.00000,0.00000,29.0*3a
[2022-10-08 15:07:48.591] $GN 52.2783,20.8092,72,356,2*26
[2022-10-08 15:07:51.597] $PW 3.19300,0.00000,0.00000,0.00000,29.0*3a
[2022-10-08 15:07:51.597] $GN 52.2783,20.8092,71,356,1*26
[2022-10-08 15:07:54.610] $PW 3.19300,0.00000,0.00000,0.00000,30.0*32
[2022-10-08 15:07:54.626] $GN 52.2783,20.8093,71,356,2*24
[2022-10-08 15:07:57.624] $PW 3.19300,0.00000,0.00000,0.00000,29.0*3a
[2022-10-08 15:07:57.640] $GN 52.2783,20.8093,74,356,2*21
[2022-10-08 15:08:00.647] $PW 3.17800,0.00000,0.00000,0.00000,28.0*3e
[2022-10-08 15:08:00.647] $GN 52.2783,20.8093,73,356,4*20
[2022-10-08 15:08:03.661] $PW 3.19000,0.00000,0.00000,0.00000,28.0*38
[2022-10-08 15:08:03.677] $GN 52.2783,20.8093,71,356,3*25
[2022-10-08 15:08:06.677] $PW 3.19000,0.00000,0.00000,0.00000,28.0*38
[2022-10-08 15:08:06.692] $GN 52.2783,20.8093,71,356,2*24
[2022-10-08 15:08:09.698] $PW 3.19300,0.00000,0.00000,0.00000,29.0*3a
[2022-10-08 15:08:09.698] $GN 52.2783,20.8093,70,356,2*25
[2022-10-08 15:08:12.714] $PW 3.18800,0.00000,0.00000,0.00000,28.0*31
[2022-10-08 15:08:12.714] $GN 52.2783,20.8093,69,356,1*2e
[2022-10-08 15:08:15.730] $PW 3.19300,0.00000,0.00000,0.00000,28.0*3b
[2022-10-08 15:08:15.730] $GN 52.2783,20.8093,73,356,1*25
[2022-10-08 15:08:18.745] $PW 3.19000,0.00000,0.00000,0.00000,29.0*39
[2022-10-08 15:08:18.745] $GN 52.2783,20.8093,72,356,1*24
[2022-10-08 15:08:21.761] $PW 3.19300,0.00000,0.00000,0.00000,28.0*3b
[2022-10-08 15:08:21.777] $GN 52.2783,20.8093,73,356,1*25
[2022-10-08 15:08:24.777] $PW 3.17600,0.00000,0.00000,0.00000,28.0*30
[2022-10-08 15:08:24.792] $GN 52.2783,20.8093,69,356,3*2c
[2022-10-08 15:08:27.799] $PW 3.19300,0.00000,0.00000,0.00000,29.0*3a
[2022-10-08 15:08:27.799] $GN 52.2783,20.8093,69,356,1*2e
[2022-10-08 15:08:30.811] $PW 3.19500,0.00000,0.00000,0.00000,28.0*3d
[2022-10-08 15:08:30.827] $GN 52.2783,20.8093,72,356,4*21
[2022-10-08 15:08:33.837] $PW 3.19300,0.00000,0.00000,0.00000,29.0*3a
[2022-10-08 15:08:33.837] $GN 52.2783,20.8093,75,356,2*20
[2022-10-08 15:08:36.847] $PW 3.19500,0.00000,0.00000,0.00000,28.0*3d
[2022-10-08 15:08:36.847] $GN 52.2783,20.8093,79,356,1*2f
[2022-10-08 15:08:39.858] $PW 3.19000,0.00000,0.00000,0.00000,28.0*38
[2022-10-08 15:08:39.874] $GN 52.2783,20.8092,80,356,1*28
[2022-10-08 15:08:42.890] $PW 3.19300,0.00000,0.00000,0.00000,29.0*3a
[2022-10-08 15:08:42.890] $GN 52.2783,20.8092,81,356,3*2b
[2022-10-08 15:08:45.905] $PW 3.19300,0.00000,0.00000,0.00000,28.0*3b
[2022-10-08 15:08:45.905] $GN 52.2783,20.8092,82,356,2*29
[2022-10-08 15:08:48.921] $PW 3.19300,0.00000,0.00000,0.00000,29.0*3a
[2022-10-08 15:08:48.921] $GN 52.2783,20.8092,78,356,2*2c
[2022-10-08 15:08:51.937] $PW 3.19000,0.00000,0.00000,0.00000,29.0*39
[2022-10-08 15:08:51.937] $GN 52.2783,20.8092,76,356,2*22
[2022-10-08 15:08:54.947] $PW 3.19300,0.00000,0.00000,0.00000,29.0*3a
[2022-10-08 15:08:54.947] $GN 52.2783,20.8092,76,356,2*22
[2022-10-08 15:08:57.964] $PW 3.18400,0.00000,0.00000,0.00000,28.0*3d
[2022-10-08 15:08:57.964] $GN 52.2784,20.8092,80,356,2*2c
[2022-10-08 15:09:00.979] $PW 3.19000,0.00000,0.00000,0.00000,28.0*38
[2022-10-08 15:09:00.979] $GN 52.2784,20.8092,77,356,2*24
[2022-10-08 15:09:03.995] $PW 3.19300,0.00000,0.00000,0.00000,29.0*3a
[2022-10-08 15:09:04.011] $GN 52.2784,20.8092,76,356,2*25
[2022-10-08 15:09:07.013] $PW 3.19300,0.00000,0.00000,0.00000,28.0*3b
[2022-10-08 15:09:07.013] $GN 52.2784,20.8092,75,356,1*25
[2022-10-08 15:09:10.029] $PW 3.19500,0.00000,0.00000,0.00000,28.0*3d
[2022-10-08 15:09:10.044] $GN 52.2783,20.8092,78,356,0*2e
[2022-10-08 15:09:13.044] $PW 3.19000,0.00000,0.00000,0.00000,28.0*38
[2022-10-08 15:09:13.060] $GN 52.2783,20.8092,82,356,1*2a
[2022-10-08 15:09:16.068] $PW 3.18800,0.00000,0.00000,0.00000,28.0*31
[2022-10-08 15:09:16.068] $GN 52.2783,20.8092,83,356,2*28
[2022-10-08 15:09:19.077] $PW 3.18800,0.00000,0.00000,0.00000,28.0*31
[2022-10-08 15:09:19.092] $GN 52.2783,20.8092,82,356,2*29
[2022-10-08 15:09:22.092] $PW 3.19000,0.00000,0.00000,0.00000,28.0*38
[2022-10-08 15:09:22.108] $GN 52.2783,20.8092,84,356,2*2f
[2022-10-08 15:09:25.108] $PW 3.19300,0.00000,0.00000,0.00000,30.0*32
[2022-10-08 15:09:25.124] $GN 52.2783,20.8092,88,356,1*20
[2022-10-08 15:09:28.127] $PW 3.19000,0.00000,0.00000,0.00000,28.0*38
[2022-10-08 15:09:28.143] $GN 52.2783,20.8092,89,356,2*22
[2022-10-08 15:09:31.143] $PW 3.17600,0.00000,0.00000,0.00000,27.0*3f
[2022-10-08 15:09:31.158] $GN 52.2783,20.8092,91,356,0*29
[2022-10-08 15:09:34.172] $PW 3.18600,0.00000,0.00000,0.00000,28.0*3f
[2022-10-08 15:09:34.172] $GN 52.2783,20.8092,93,356,1*2a
[2022-10-08 15:09:37.188] $PW 3.19000,0.00000,0.00000,0.00000,28.0*38
[2022-10-08 15:09:37.188] $GN 52.2783,20.8092,94,356,1*2d
[2022-10-08 15:09:40.195] $PW 3.19300,0.00000,0.00000,0.00000,29.0*3a
[2022-10-08 15:09:40.211] $GN 52.2783,20.8092,98,356,1*21
[2022-10-08 15:09:43.209] $PW 3.19300,0.00000,0.00000,0.00000,28.0*3b
[2022-10-08 15:09:43.225] $GN 52.2783,20.8093,101,356,2*12
[2022-10-08 15:09:46.239] $PW 3.17800,0.00000,0.00000,0.00000,27.0*31
[2022-10-08 15:09:46.239] $GN 52.2783,20.8093,99,356,1*21
[2022-10-08 15:09:49.253] $PW 3.19000,0.00000,0.00000,0.00000,28.0*38
[2022-10-08 15:09:49.253] $GN 52.2784,20.8093,101,356,1*16
[2022-10-08 15:09:52.268] $PW 3.19500,0.00000,0.00000,0.00000,29.0*3c
[2022-10-08 15:09:52.268] $GN 52.2784,20.8093,101,356,1*16
[2022-10-08 15:09:55.284] $PW 3.19300,0.00000,0.00000,0.00000,29.0*3a
[2022-10-08 15:09:55.284] $GN 52.2783,20.8093,101,356,1*11
[2022-10-08 15:09:58.292] $PW 3.19300,0.00000,0.00000,0.00000,29.0*3a
[2022-10-08 15:09:58.308] $GN 52.2783,20.8093,102,356,1*12
[2022-10-08 15:10:01.321] $PW 3.19300,0.00000,0.00000,0.00000,29.0*3a
[2022-10-08 15:10:01.321] $GN 52.2783,20.8093,101,356,1*11
[2022-10-08 15:10:04.326] $PW 3.19300,0.00000,0.00000,0.00000,30.0*32
[2022-10-08 15:10:04.341] $GN 52.2783,20.8093,104,356,1*14
[2022-10-08 15:10:07.341] $PW 3.18800,0.00000,0.00000,0.00000,28.0*31
[2022-10-08 15:10:07.357] $GN 52.2783,20.8092,104,356,1*15
[2022-10-08 15:10:10.373] $PW 3.17800,0.00000,0.00000,0.00000,28.0*3e
[2022-10-08 15:10:10.373] $GN 52.2783,20.8092,103,356,2*11
[2022-10-08 15:10:13.388] $PW 3.19300,0.00000,0.00000,0.00000,29.0*3a
[2022-10-08 15:10:13.388] $GN 52.2783,20.8092,102,356,1*13
[2022-10-08 15:10:16.395] $PW 3.19300,0.00000,0.00000,0.00000,28.0*3b
[2022-10-08 15:10:16.410] $GN 52.2783,20.8092,102,356,1*13
[2022-10-08 15:10:19.413] $PW 3.19300,0.00000,0.00000,0.00000,29.0*3a
[2022-10-08 15:10:19.413] $GN 52.2783,20.8092,103,356,1*12
[2022-10-08 15:10:22.429] $PW 3.19000,0.00000,0.00000,0.00000,28.0*38
[2022-10-08 15:10:22.445] $GN 52.2783,20.8092,105,356,1*14
[2022-10-08 15:10:25.445] $PW 3.19300,0.00000,0.00000,0.00000,28.0*3b
[2022-10-08 15:10:25.460] $GN 52.2783,20.8092,108,356,1*19
[2022-10-08 15:10:28.462] $PW 3.18400,0.00000,0.00000,0.00000,29.0*3c
[2022-10-08 15:10:28.478] $GN 52.2783,20.8092,107,356,1*16
[2022-10-08 15:10:31.486] $PW 3.19300,0.00000,0.00000,0.00000,28.0*3b
[2022-10-08 15:10:31.486] $GN 52.2783,20.8092,107,356,1*16
[2022-10-08 15:10:34.501] $PW 3.17400,0.00000,0.00000,0.00000,27.0*3d
[2022-10-08 15:10:34.501] $GN 52.2783,20.8092,108,356,1*19
[2022-10-08 15:10:37.514] $PW 3.19300,0.00000,0.00000,0.00000,28.0*3b
[2022-10-08 15:10:37.514] $GN 52.2783,20.8092,107,356,1*16
[2022-10-08 15:10:40.535] $PW 3.19500,0.00000,0.00000,0.00000,28.0*3d
[2022-10-08 15:10:40.535] $GN 52.2783,20.8092,106,356,1*17
[2022-10-08 15:10:43.551] $PW 3.19000,0.00000,0.00000,0.00000,28.0*38
[2022-10-08 15:10:43.551] $GN 52.2783,20.8092,105,356,1*14
[2022-10-08 15:10:46.562] $PW 3.19000,0.00000,0.00000,0.00000,28.0*38
[2022-10-08 15:10:46.578] $GN 52.2783,20.8091,105,356,1*17
[2022-10-08 15:10:49.578] $PW 3.19300,0.00000,0.00000,0.00000,28.0*3b
[2022-10-08 15:10:49.594] $GN 52.2783,20.8091,103,356,1*11
[2022-10-08 15:10:52.594] $PW 3.19300,0.00000,0.00000,0.00000,29.0*3a
[2022-10-08 15:10:52.609] $GN 52.2783,20.8091,99,356,1*23
[2022-10-08 15:10:55.609] $PW 3.19300,0.00000,0.00000,0.00000,29.0*3a
[2022-10-08 15:10:55.625] $GN 52.2783,20.8092,101,356,0*11
[2022-10-08 15:10:58.635] $PW 3.19000,0.00000,0.00000,0.00000,29.0*39
[2022-10-08 15:10:58.635] $GN 52.2783,20.8092,104,356,1*15
[2022-10-08 15:11:01.650] $PW 3.19300,0.00000,0.00000,0.00000,29.0*3a
[2022-10-08 15:11:01.650] $GN 52.2783,20.8091,107,356,1*15
[2022-10-08 15:11:04.666] $PW 3.17600,0.00000,0.00000,0.00000,27.0*3f
[2022-10-08 15:11:04.666] $GN 52.2783,20.8092,110,356,0*11
[2022-10-08 15:11:07.685] $PW 3.19500,0.00000,0.00000,0.00000,29.0*3c
[2022-10-08 15:11:07.685] $GN 52.2783,20.8091,108,356,1*1a
[2022-10-08 15:11:10.703] $PW 3.19500,0.00000,0.00000,0.00000,28.0*3d
[2022-10-08 15:11:10.703] $GN 52.2783,20.8092,112,356,1*12
[2022-10-08 15:11:13.719] $PW 3.19000,0.00000,0.00000,0.00000,28.0*38
[2022-10-08 15:11:13.719] $GN 52.2783,20.8092,114,356,1*14
[2022-10-08 15:11:16.734] $PW 3.19300,0.00000,0.00000,0.00000,29.0*3a
[2022-10-08 15:11:16.734] $GN 52.2783,20.8092,117,356,1*17
[2022-10-08 15:11:19.755] $PW 3.19300,0.00000,0.00000,0.00000,28.0*3b
[2022-10-08 15:11:19.755] $GN 52.2783,20.8092,117,356,2*14
[2022-10-08 15:11:22.771] $PW 3.19300,0.00000,0.00000,0.00000,30.0*32
[2022-10-08 15:11:22.771] $GN 52.2784,20.8091,117,356,2*10
[2022-10-08 15:11:25.775] $PW 3.19300,0.00000,0.00000,0.00000,28.0*3b
[2022-10-08 15:11:25.790] $GN 52.2784,20.8092,115,356,1*12
[2022-10-08 15:11:28.792] $PW 3.17600,0.00000,0.00000,0.00000,27.0*3f
[2022-10-08 15:11:28.808] $GN 52.2784,20.8092,117,356,1*10
[2022-10-08 15:11:31.824] $PW 3.19300,0.00000,0.00000,0.00000,28.0*3b
[2022-10-08 15:11:31.824] $GN 52.2784,20.8092,115,356,2*11
[2022-10-08 15:11:34.834] $PW 3.18400,0.00000,0.00000,0.00000,28.0*3d
[2022-10-08 15:11:34.834] $GN 52.2784,20.8092,114,356,2*10
[2022-10-08 15:11:37.850] $PW 3.19300,0.00000,0.00000,0.00000,29.0*3a
[2022-10-08 15:11:37.850] $GN 52.2784,20.8092,112,356,1*15
[2022-10-08 15:11:40.869] $PW 3.19300,0.00000,0.00000,0.00000,28.0*3b
[2022-10-08 15:11:40.869] $GN 52.2784,20.8092,111,356,0*17
[2022-10-08 15:11:43.876] $PW 3.19300,0.00000,0.00000,0.00000,28.0*3b
[2022-10-08 15:11:43.891] $GN 52.2784,20.8092,109,356,0*1e
[2022-10-08 15:11:46.907] $PW 3.19000,0.00000,0.00000,0.00000,29.0*39
[2022-10-08 15:11:46.907] $GN 52.2783,20.8093,110,356,2*12
[2022-10-08 15:11:49.912] $PW 3.19000,0.00000,0.00000,0.00000,28.0*38
[2022-10-08 15:11:49.928] $GN 52.2783,20.8092,109,356,1*18
[2022-10-08 15:11:52.934] $PW 3.17400,0.00000,0.00000,0.00000,27.0*3d
[2022-10-08 15:11:52.934] $GN 52.2783,20.8093,108,356,1*18
[2022-10-08 15:11:55.950] $PW 3.19300,0.00000,0.00000,0.00000,28.0*3b
[2022-10-08 15:11:55.950] $GN 52.2783,20.8093,106,356,2*15
[2022-10-08 15:11:58.970] $PW 3.19300,0.00000,0.00000,0.00000,28.0*3b
[2022-10-08 15:11:58.970] $GN 52.2783,20.8093,103,356,1*13
[2022-10-08 15:12:01.985] $PW 3.19000,0.00000,0.00000,0.00000,28.0*38
[2022-10-08 15:12:01.985] $GN 52.2782,20.8093,101,356,3*12
[2022-10-08 15:12:04.994] $PW 3.19300,0.00000,0.00000,0.00000,28.0*3b
[2022-10-08 15:12:05.009] $GN 52.2783,20.8092,104,356,1*15
[2022-10-08 15:12:08.009] $PW 3.19500,0.00000,0.00000,0.00000,28.0*3d
[2022-10-08 15:12:08.025] $GN 52.2783,20.8092,106,356,1*17
[2022-10-08 15:12:11.037] $PW 3.19300,0.00000,0.00000,0.00000,30.0*32
[2022-10-08 15:12:11.037] $GN 52.2782,20.8092,105,356,2*16
[2022-10-08 15:12:14.052] $PW 3.19300,0.00000,0.00000,0.00000,29.0*3a
[2022-10-08 15:12:14.052] $GN 52.2782,20.8093,104,356,1*15
[2022-10-08 15:12:17.068] $PW 3.19000,0.00000,0.00000,0.00000,28.0*38
[2022-10-08 15:12:17.068] $GN 52.2782,20.8093,103,356,0*13
[2022-10-08 15:12:20.084] $PW 3.19300,0.00000,0.00000,0.00000,28.0*3b
[2022-10-08 15:12:20.084] $GN 52.2782,20.8093,101,356,1*10
[2022-10-08 15:12:23.095] $PW 3.19000,0.00000,0.00000,0.00000,28.0*38
[2022-10-08 15:12:23.111] $GN 52.2782,20.8092,99,356,1*21
[2022-10-08 15:12:26.111] $PW 3.19300,0.00000,0.00000,0.00000,30.0*32
[2022-10-08 15:12:26.126] $GN 52.2782,20.8092,100,356,2*13
[2022-10-08 15:12:29.134] $PW 3.18800,0.00000,0.00000,0.00000,28.0*31
[2022-10-08 15:12:29.134] $GN 52.2782,20.8093,99,356,3*22
[2022-10-08 15:12:32.157] $PW 3.17400,0.00000,0.00000,0.00000,27.0*3d
[2022-10-08 15:12:32.157] $GN 52.2782,20.8093,98,356,1*21
[2022-10-08 15:12:35.165] $PW 3.19000,0.00000,0.00000,0.00000,28.0*38
[2022-10-08 15:12:35.165] $GN 52.2783,20.8093,98,356,1*20
[2022-10-08 15:12:38.181] $PW 3.19000,0.00000,0.00000,0.00000,28.0*38
[2022-10-08 15:12:38.181] $GN 52.2783,20.8093,98,356,1*20
[2022-10-08 15:12:41.202] $PW 3.19500,0.00000,0.00000,0.00000,29.0*3c
[2022-10-08 15:12:41.202] $GN 52.2783,20.8093,97,356,2*2c
[2022-10-08 15:12:44.215] $PW 3.19000,0.00000,0.00000,0.00000,28.0*38
[2022-10-08 15:12:44.215] $GN 52.2782,20.8093,96,356,2*2c
[2022-10-08 15:12:47.231] $PW 3.17600,0.00000,0.00000,0.00000,27.0*3f
[2022-10-08 15:12:47.231] $GN 52.2783,20.8094,96,356,3*2b
[2022-10-08 15:12:50.247] $PW 3.19300,0.00000,0.00000,0.00000,28.0*3b
[2022-10-08 15:12:50.262] $GN 52.2784,20.8090,103,298,23*24
[2022-10-08 15:12:53.262] $PW 3.19300,0.00000,0.00000,0.00000,29.0*3a
[2022-10-08 15:12:53.278] $GN 52.2784,20.8089,104,286,15*21
[2022-10-08 15:12:56.278] $PW 3.19300,0.00000,0.00000,0.00000,28.0*3b
[2022-10-08 15:12:56.294] $GN 52.2783,20.8089,104,266,8*14
[2022-10-08 15:12:59.297] $PW 3.19300,0.00000,0.00000,0.00000,28.0*3b
[2022-10-08 15:12:59.312] $GN 52.2783,20.8089,102,263,7*18
[2022-10-08 15:13:02.316] $PW 3.19300,0.00000,0.00000,0.00000,29.0*3a
[2022-10-08 15:13:02.316] $GN 52.2783,20.8089,97,262,5*26
[2022-10-08 15:13:05.336] $PW 3.19500,0.00000,0.00000,0.00000,30.0*34
[2022-10-08 15:13:05.336] $GN 52.2783,20.8089,92,259,3*2d
[2022-10-08 15:13:08.351] $PW 3.19300,0.00000,0.00000,0.00000,29.0*3a
[2022-10-08 15:13:08.351] $GN 52.2783,20.8089,88,262,4*29
[2022-10-08 15:13:11.362] $PW 3.17600,0.00000,0.00000,0.00000,28.0*30
[2022-10-08 15:13:11.378] $GN 52.2783,20.8089,87,261,1*20
[2022-10-08 15:13:14.378] $PW 3.19300,0.00000,0.00000,0.00000,29.0*3a
[2022-10-08 15:13:14.394] $GN 52.2783,20.8090,87,261,1*28
[2022-10-08 15:13:17.394] $PW 3.19000,0.00000,0.00000,0.00000,28.0*38
[2022-10-08 15:13:17.409] $GN 52.2783,20.8090,89,261,1*26
[2022-10-08 15:13:20.421] $PW 3.19000,0.00000,0.00000,0.00000,28.0*38
[2022-10-08 15:13:20.421] $GN 52.2783,20.8090,90,261,1*2e
[2022-10-08 15:13:23.436] $PW 3.18800,0.00000,0.00000,0.00000,29.0*30
[2022-10-08 15:13:23.436] $GN 52.2783,20.8090,89,261,2*25
[2022-10-08 15:13:26.452] $PW 3.17600,0.00000,0.00000,0.00000,27.0*3f
[2022-10-08 15:13:26.452] $GN 52.2783,20.8091,90,261,3*2d
[2022-10-08 15:13:29.468] $PW 3.19300,0.00000,0.00000,0.00000,29.0*3a
[2022-10-08 15:13:29.468] $GN 52.2783,20.8091,91,261,2*2d
[2022-10-08 15:13:32.487] $PW 3.19000,0.00000,0.00000,0.00000,28.0*38
[2022-10-08 15:13:32.487] $GN 52.2782,20.8092,92,261,3*2d
[2022-10-08 15:13:35.503] $PW 3.19500,0.00000,0.00000,0.00000,28.0*3d
[2022-10-08 15:13:35.503] $GN 52.2782,20.8092,95,261,4*2d
[2022-10-08 15:13:38.519] $PW 3.18600,0.00000,0.00000,0.00000,28.0*3f
[2022-10-08 15:13:38.519] $GN 52.2782,20.8092,96,261,3*29
[2022-10-08 15:13:41.534] $PW 3.19500,0.00000,0.00000,0.00000,28.0*3d
[2022-10-08 15:13:41.534] $GN 52.2782,20.8092,95,261,3*2a
[2022-10-08 15:13:44.554] $PW 3.19000,0.00000,0.00000,0.00000,29.0*39
[2022-10-08 15:13:44.554] $GN 52.2782,20.8092,95,261,2*2b
[2022-10-08 15:13:47.573] $PW 3.19300,0.00000,0.00000,0.00000,28.0*3b
[2022-10-08 15:13:47.573] $GN 52.2781,20.8092,96,261,2*2b
[2022-10-08 15:13:50.577] $PW 3.17800,0.00000,0.00000,0.00000,27.0*31
[2022-10-08 15:13:50.592] $GN 52.2781,20.8092,97,261,2*2a
[2022-10-08 15:13:53.599] $PW 3.19000,0.00000,0.00000,0.00000,28.0*38
[2022-10-08 15:13:53.599] $GN 52.2782,20.8093,96,261,1*2a
[2022-10-08 15:13:56.620] $PW 3.19000,0.00000,0.00000,0.00000,28.0*38
[2022-10-08 15:13:56.620] $GN 52.2782,20.8092,95,261,2*2b
[2022-10-08 15:13:59.635] $PW 3.19300,0.00000,0.00000,0.00000,29.0*3a
[2022-10-08 15:13:59.635] $GN 52.2782,20.8092,98,261,1*25
[2022-10-08 15:14:02.654] $PW 3.19500,0.00000,0.00000,0.00000,29.0*3c
[2022-10-08 15:14:02.654] $GN 52.2782,20.8093,99,261,2*26
[2022-10-08 15:14:05.667] $PW 3.19000,0.00000,0.00000,0.00000,28.0*38
[2022-10-08 15:14:05.667] $GN 52.2782,20.8093,99,261,2*26
[2022-10-08 15:14:08.682] $PW 3.19300,0.00000,0.00000,0.00000,30.0*32
[2022-10-08 15:14:08.682] $GN 52.2782,20.8093,104,261,1*10
[2022-10-08 15:14:11.698] $PW 3.19000,0.00000,0.00000,0.00000,28.0*38
[2022-10-08 15:14:11.698] $GN 52.2782,20.8093,105,261,0*10
[2022-10-08 15:14:14.716] $PW 3.17800,0.00000,0.00000,0.00000,27.0*31
[2022-10-08 15:14:14.716] $GN 52.2782,20.8093,108,261,0*1d
[2022-10-08 15:14:17.731] $PW 3.18000,0.00000,0.00000,0.00000,27.0*36
[2022-10-08 15:14:17.731] $GN 52.2782,20.8093,108,261,1*1c
[2022-10-08 15:14:20.747] $PW 3.19300,0.00000,0.00000,0.00000,29.0*3a
[2022-10-08 15:14:20.763] $GN 52.2782,20.8093,109,261,2*1e
[2022-10-08 15:14:23.762] $PW 3.19000,0.00000,0.00000,0.00000,29.0*39
[2022-10-08 15:14:23.777] $GN 52.2782,20.8093,107,261,0*12
[2022-10-08 15:14:26.778] $PW 3.19300,0.00000,0.00000,0.00000,28.0*3b
[2022-10-08 15:14:26.794] $GN 52.2782,20.8093,108,261,1*1c
[2022-10-08 15:14:29.794] $PW 3.17800,0.00000,0.00000,0.00000,27.0*31
[2022-10-08 15:14:29.810] $GN 52.2782,20.8093,107,261,1*13
[2022-10-08 15:14:32.823] $PW 3.19300,0.00000,0.00000,0.00000,29.0*3a
[2022-10-08 15:14:32.823] $GN 52.2782,20.8093,107,261,1*13
[2022-10-08 15:14:35.838] $PW 3.19000,0.00000,0.00000,0.00000,28.0*38
[2022-10-08 15:14:35.838] $GN 52.2782,20.8093,104,261,2*13
[2022-10-08 15:14:38.853] $PW 3.17800,0.00000,0.00000,0.00000,27.0*31
[2022-10-08 15:14:38.853] $GN 52.2782,20.8093,106,261,2*11
[2022-10-08 15:14:41.869] $PW 3.19700,0.00000,0.00000,0.00000,28.0*3f
[2022-10-08 15:14:41.869] $GN 52.2782,20.8093,100,261,1*14
[2022-10-08 15:14:44.878] $PW 3.19000,0.00000,0.00000,0.00000,28.0*38
[2022-10-08 15:14:44.894] $GN 52.2782,20.8093,99,261,1*25
[2022-10-08 15:14:47.899] $PW 3.19300,0.00000,0.00000,0.00000,29.0*3a
[2022-10-08 15:14:47.899] $GN 52.2782,20.8093,97,261,1*2b
[2022-10-08 15:14:50.920] $PW 3.19300,0.00000,0.00000,0.00000,28.0*3b
[2022-10-08 15:14:50.920] $GN 52.2782,20.8092,95,244,6*28
[2022-10-08 15:14:53.936] $PW 3.17600,0.00000,0.00000,0.00000,27.0*3f
[2022-10-08 15:14:53.936] $GN 52.2782,20.8092,91,244,3*29
[2022-10-08 15:14:56.945] $PW 3.19000,0.00000,0.00000,0.00000,28.0*38
[2022-10-08 15:14:56.961] $GN 52.2782,20.8092,89,244,2*21
[2022-10-08 15:14:59.966] $PW 3.19000,0.00000,0.00000,0.00000,28.0*38
[2022-10-08 15:14:59.966] $GN 52.2782,20.8092,91,244,1*2b
[2022-10-08 15:15:02.982] $PW 3.18800,0.00000,0.00000,0.00000,28.0*31
[2022-10-08 15:15:02.982] $GN 52.2783,20.8092,90,244,2*28
[2022-10-08 15:15:05.998] $PW 3.19300,0.00000,0.00000,0.00000,28.0*3b
[2022-10-08 15:15:06.014] $GN 52.2783,20.8092,90,244,1*2b
[2022-10-08 15:15:09.014] $PW 3.19300,0.00000,0.00000,0.00000,29.0*3a
[2022-10-08 15:15:09.029] $GN 52.2783,20.8091,91,244,2*2a
[2022-10-08 15:15:12.029] $PW 3.19000,0.00000,0.00000,0.00000,28.0*38
[2022-10-08 15:15:12.045] $GN 52.2783,20.8091,90,244,3*2a
[2022-10-08 15:15:15.057] $PW 3.19300,0.00000,0.00000,0.00000,28.0*3b
[2022-10-08 15:15:15.057] $GN 52.2783,20.8092,87,244,3*2f
[2022-10-08 15:15:18.069] $PW 3.19000,0.00000,0.00000,0.00000,28.0*38
[2022-10-08 15:15:18.069] $GN 52.2783,20.8092,88,244,1*22
[2022-10-08 15:15:21.085] $PW 3.19300,0.00000,0.00000,0.00000,28.0*3b
[2022-10-08 15:15:21.085] $GN 52.2784,20.8092,84,244,2*2a
[2022-10-08 15:15:24.105] $PW 3.19300,0.00000,0.00000,0.00000,30.0*32
[2022-10-08 15:15:24.105] $GN 52.2783,20.8092,83,244,0*28
[2022-10-08 15:15:27.114] $PW 3.19000,0.00000,0.00000,0.00000,28.0*38
[2022-10-08 15:15:27.130] $GN 52.2783,20.8091,83,244,2*29
[2022-10-08 15:15:30.130] $PW 3.17600,0.00000,0.00000,0.00000,27.0*3f
[2022-10-08 15:15:30.145] $GN 52.2783,20.8091,80,244,2*2a
[2022-10-08 15:15:33.144] $PW 3.19300,0.00000,0.00000,0.00000,28.0*3b
[2022-10-08 15:15:33.160] $GN 52.2783,20.8091,82,244,3*29
[2022-10-08 15:15:36.175] $PW 3.19500,0.00000,0.00000,0.00000,28.0*3d
[2022-10-08 15:15:36.175] $GN 52.2782,20.8091,81,244,4*2c
[2022-10-08 15:15:39.191] $PW 3.19300,0.00000,0.00000,0.00000,29.0*3a
[2022-10-08 15:15:39.191] $GN 52.2782,20.8091,80,244,4*2d
[2022-10-08 15:15:42.207] $PW 3.19300,0.00000,0.00000,0.00000,29.0*3a
[2022-10-08 15:15:42.207] $GN 52.2782,20.8091,78,244,2*2c
[2022-10-08 15:15:45.215] $PW 3.17600,0.00000,0.00000,0.00000,27.0*3f
[2022-10-08 15:15:45.215] $GN 52.2782,20.8091,86,244,4*2b
[2022-10-08 15:15:48.236] $PW 3.19300,0.00000,0.00000,0.00000,28.0*3b
[2022-10-08 15:15:48.236] $GN 52.2782,20.8091,86,244,3*2c
[2022-10-08 15:15:51.254] $PW 3.19300,0.00000,0.00000,0.00000,28.0*3b
[2022-10-08 15:15:51.254] $GN 52.2783,20.8091,88,244,1*21
[2022-10-08 15:15:54.262] $PW 3.19300,0.00000,0.00000,0.00000,28.0*3b
[2022-10-08 15:15:54.278] $GN 52.2782,20.8091,87,244,2*2c
[2022-10-08 15:15:57.283] $PW 3.19300,0.00000,0.00000,0.00000,28.0*3b
[2022-10-08 15:15:57.283] $GN 52.2782,20.8091,87,244,1*2f
[2022-10-08 15:16:00.299] $PW 3.17600,0.00000,0.00000,0.00000,27.0*3f
[2022-10-08 15:16:00.299] $GN 52.2782,20.8091,92,244,1*2b
[2022-10-08 15:16:03.314] $PW 3.19000,0.00000,0.00000,0.00000,28.0*38
[2022-10-08 15:16:03.330] $GN 52.2782,20.8091,92,244,1*2b
[2022-10-08 15:16:06.334] $PW 3.19300,0.00000,0.00000,0.00000,28.0*3b
[2022-10-08 15:16:06.334] $GN 52.2782,20.8091,94,244,3*2f
[2022-10-08 15:16:09.355] $PW 3.19300,0.00000,0.00000,0.00000,28.0*3b
[2022-10-08 15:16:09.355] $GN 52.2782,20.8091,101,244,3*12
[2022-10-08 15:16:12.371] $PW 3.19000,0.00000,0.00000,0.00000,28.0*38
[2022-10-08 15:16:12.371] $GN 52.2781,20.8091,102,203,4*16
[2022-10-08 15:16:15.387] $PW 3.19300,0.00000,0.00000,0.00000,28.0*3b
[2022-10-08 15:16:15.387] $GN 52.2781,20.8091,101,205,3*14
[2022-10-08 15:16:18.397] $PW 3.19300,0.00000,0.00000,0.00000,30.0*32
[2022-10-08 15:16:18.412] $GN 52.2781,20.8091,103,205,2*17
[2022-10-08 15:16:21.412] $PW 3.19300,0.00000,0.00000,0.00000,28.0*3b
[2022-10-08 15:16:21.428] $GN 52.2781,20.8091,105,205,2*11
[2022-10-08 15:16:24.428] $PW 3.17800,0.00000,0.00000,0.00000,27.0*31
[2022-10-08 15:16:24.444] $GN 52.2782,20.8091,104,205,3*12
[2022-10-08 15:16:27.460] $PW 3.19000,0.00000,0.00000,0.00000,28.0*38
[2022-10-08 15:16:27.460] $GN 52.2782,20.8091,102,205,2*15
[2022-10-08 15:16:30.470] $PW 3.19500,0.00000,0.00000,0.00000,28.0*3d
[2022-10-08 15:16:30.470] $GN 52.2782,20.8091,101,205,1*15
[2022-10-08 15:16:33.481] $PW 3.19300,0.00000,0.00000,0.00000,28.0*3b
[2022-10-08 15:16:33.496] $GN 52.2782,20.8091,104,205,2*13
[2022-10-08 15:16:36.496] $PW 3.19000,0.00000,0.00000,0.00000,28.0*38
[2022-10-08 15:16:36.512] $GN 52.2782,20.8091,105,207,3*11
[2022-10-08 15:16:39.513] $PW 3.19500,0.00000,0.00000,0.00000,28.0*3d
[2022-10-08 15:16:39.529] $GN 52.2782,20.8090,104,207,3*11
[2022-10-08 15:16:42.529] $PW 3.19300,0.00000,0.00000,0.00000,30.0*32
[2022-10-08 15:16:42.545] $GN 52.2782,20.8091,103,207,2*16
[2022-10-08 15:16:45.544] $PW 3.19500,0.00000,0.00000,0.00000,28.0*3d
[2022-10-08 15:16:45.560] $GN 52.2782,20.8091,105,207,1*13
[2022-10-08 15:16:48.564] $PW 3.19500,0.00000,0.00000,0.00000,28.0*3d
[2022-10-08 15:16:48.580] $GN 52.2782,20.8091,104,207,1*12
[2022-10-08 15:16:51.578] $PW 3.19500,0.00000,0.00000,0.00000,28.0*3d
[2022-10-08 15:16:51.593] $GN 52.2782,20.8091,105,207,1*13
[2022-10-08 15:16:54.609] $PW 3.19300,0.00000,0.00000,0.00000,28.0*3b
[2022-10-08 15:16:54.609] $GN 52.2781,20.8091,105,207,2*13
[2022-10-08 15:16:57.621] $PW 3.19300,0.00000,0.00000,0.00000,29.0*3a
[2022-10-08 15:16:57.621] $GN 52.2781,20.8091,104,207,3*13
[2022-10-08 15:17:00.637] $PW 3.19300,0.00000,0.00000,0.00000,28.0*3b
[2022-10-08 15:17:00.637] $GN 52.2781,20.8092,99,207,2*24
[2022-10-08 15:17:03.652] $PW 3.17400,0.00000,0.00000,0.00000,27.0*3d
[2022-10-08 15:17:03.652] $GN 52.2781,20.8092,100,207,2*15
[2022-10-08 15:17:06.668] $PW 3.19000,0.00000,0.00000,0.00000,28.0*38
[2022-10-08 15:17:06.668] $GN 52.2781,20.8092,100,207,1*16
[2022-10-08 15:17:09.683] $PW 3.19300,0.00000,0.00000,0.00000,28.0*3b
[2022-10-08 15:17:09.683] $GN 52.2782,20.8092,99,207,0*25
[2022-10-08 15:17:12.699] $PW 3.19500,0.00000,0.00000,0.00000,28.0*3d
[2022-10-08 15:17:12.699] $GN 52.2782,20.8092,99,207,2*27
[2022-10-08 15:17:15.715] $PW 3.19000,0.00000,0.00000,0.00000,28.0*38
[2022-10-08 15:17:15.730] $GN 52.2781,20.8092,98,207,4*23
[2022-10-08 15:17:18.737] $PW 3.19300,0.00000,0.00000,0.00000,28.0*3b
[2022-10-08 15:17:18.737] $GN 52.2781,20.8092,101,207,3*15
[2022-10-08 15:17:21.755] $PW 3.19000,0.00000,0.00000,0.00000,28.0*38
[2022-10-08 15:17:21.755] $GN 52.2781,20.8092,101,207,1*17
[2022-10-08 15:17:24.771] $PW 3.19300,0.00000,0.00000,0.00000,28.0*3b
[2022-10-08 15:17:24.771] $GN 52.2781,20.8092,100,207,1*16
[2022-10-08 15:17:27.780] $PW 3.19300,0.00000,0.00000,0.00000,28.0*3b
[2022-10-08 15:17:27.796] $GN 52.2782,20.8092,98,207,1*25
[2022-10-08 15:17:30.796] $PW 3.19300,0.00000,0.00000,0.00000,29.0*3a
[2022-10-08 15:17:30.811] $GN 52.2782,20.8092,96,207,1*2b
[2022-10-08 15:17:33.816] $PW 3.19000,0.00000,0.00000,0.00000,28.0*38
[2022-10-08 15:17:33.816] $GN 52.2782,20.8092,96,207,2*28
[2022-10-08 15:17:36.832] $PW 3.19300,0.00000,0.00000,0.00000,28.0*3b
[2022-10-08 15:17:36.847] $GN 52.2781,20.8093,96,207,2*2a
[2022-10-08 15:17:39.847] $PW 3.19300,0.00000,0.00000,0.00000,28.0*3b
[2022-10-08 15:17:39.863] $GN 52.2781,20.8092,96,207,1*28
[2022-10-08 15:17:42.863] $PW 3.17600,0.00000,0.00000,0.00000,27.0*3f
[2022-10-08 15:17:42.879] $GN 52.2781,20.8093,96,207,1*29
[2022-10-08 15:17:45.893] $PW 3.18800,0.00000,0.00000,0.00000,28.0*31
[2022-10-08 15:17:45.893] $GN 52.2782,20.8092,97,207,1*2a
[2022-10-08 15:17:48.895] $PW 3.19300,0.00000,0.00000,0.00000,28.0*3b
[2022-10-08 15:17:48.910] $GN 52.2781,20.8092,96,212,8*25
[2022-10-08 15:17:51.922] $PW 3.18600,0.00000,0.00000,0.00000,28.0*3f
[2022-10-08 15:17:51.922] $GN 52.2781,20.8091,101,255,4*16
[2022-10-08 15:17:54.943] $PW 3.19300,0.00000,0.00000,0.00000,28.0*3b
[2022-10-08 15:17:54.943] $GN 52.2781,20.8091,105,255,1*17
[2022-10-08 15:17:57.954] $PW 3.19300,0.00000,0.00000,0.00000,28.0*3b
[2022-10-08 15:17:57.954] $GN 52.2781,20.8091,103,255,2*12
[2022-10-08 15:18:00.969] $PW 3.19300,0.00000,0.00000,0.00000,28.0*3b
[2022-10-08 15:18:00.969] $GN 52.2781,20.8092,102,255,1*13
[2022-10-08 15:18:03.985] $PW 3.19000,0.00000,0.00000,0.00000,28.0*38
[2022-10-08 15:18:03.985] $GN 52.2781,20.8092,100,255,2*12
[2022-10-08 15:18:07.005] $PW 3.19000,0.00000,0.00000,0.00000,28.0*38
[2022-10-08 15:18:07.005] $GN 52.2781,20.8091,101,255,3*11
[2022-10-08 15:18:10.022] $PW 3.19300,0.00000,0.00000,0.00000,30.0*32
[2022-10-08 15:18:10.022] $GN 52.2780,20.8092,98,255,2*23
[2022-10-08 15:18:13.037] $PW 3.19000,0.00000,0.00000,0.00000,28.0*38
[2022-10-08 15:18:13.037] $GN 52.2781,20.8092,97,255,1*2e
[2022-10-08 15:18:16.053] $PW 3.17600,0.00000,0.00000,0.00000,27.0*3f
[2022-10-08 15:18:16.053] $GN 52.2780,20.8092,97,255,2*2c
[2022-10-08 15:18:19.064] $PW 3.19300,0.00000,0.00000,0.00000,28.0*3b
[2022-10-08 15:18:19.080] $GN 52.2780,20.8092,97,255,2*2c
[2022-10-08 15:18:22.084] $PW 3.19300,0.00000,0.00000,0.00000,28.0*3b
[2022-10-08 15:18:22.084] $GN 52.2780,20.8092,96,255,0*2f
[2022-10-08 15:18:25.099] $PW 3.19300,0.00000,0.00000,0.00000,28.0*3b
[2022-10-08 15:18:25.099] $GN 52.2780,20.8092,92,255,1*2a
[2022-10-08 15:18:28.124] $PW 3.19000,0.00000,0.00000,0.00000,28.0*38
[2022-10-08 15:18:28.124] $GN 52.2780,20.8092,86,255,2*2c
[2022-10-08 15:18:35.904] $CS DI=0x003431,DN=M138*21
[2022-10-08 15:18:36.013] $RT OK*22
[2022-10-08 15:18:37.719] $CS DI=0x003431,DN=M138*21
[2022-10-08 15:18:37.829] $RT OK*22
[2022-10-08 15:18:38.126] $RT 0*16
[2022-10-08 15:18:38.227] $PW OK*23
[2022-10-08 15:18:38.227] $PW 0*17
[2022-10-08 15:18:38.337] $DT OK*34
[2022-10-08 15:18:38.337] $DT 0*00
[2022-10-08 15:18:38.446] $GS OK*30
[2022-10-08 15:18:38.446] $GS 0*04
[2022-10-08 15:18:38.555] $GJ OK*29
[2022-10-08 15:18:38.555] $GJ 0*1d
[2022-10-08 15:18:38.665] $GN OK*2d
[2022-10-08 15:18:38.665] $GN 0*19
[2022-10-08 15:18:38.665] $PW 3.17600,0.00000,0.00000,0.00000,28.0*30
[2022-10-08 15:18:38.680] $GN 52.2780,20.8092,82,318,1*23
[2022-10-08 15:20:55.170] $CS DI=0x003431,DN=M138*21
[2022-10-08 15:20:55.279] $RT OK*22
[2022-10-08 15:20:56.973] $CS DI=0x003431,DN=M138*21
[2022-10-08 15:20:57.067] $RT OK*22
[2022-10-08 15:20:57.270] $RT 0*16
[2022-10-08 15:20:57.372] $PW OK*23
[2022-10-08 15:20:57.372] $PW 0*17
[2022-10-08 15:20:57.471] $DT OK*34
[2022-10-08 15:20:57.488] $DT 0*00
[2022-10-08 15:20:57.587] $GS OK*30
[2022-10-08 15:20:57.587] $GS 0*04
[2022-10-08 15:20:57.697] $GJ OK*29
[2022-10-08 15:20:57.697] $GJ 0*1d
[2022-10-08 15:20:57.806] $GN OK*2d
[2022-10-08 15:20:57.806] $GN 0*19
[2022-10-08 15:20:57.806] $PW 3.19000,0.00000,0.00000,0.00000,28.0*38
[2022-10-08 15:20:57.806] $GN 52.2781,20.8092,63,318,1*2d
[2022-10-08 15:23:06.883] $CS DI=0x003431,DN=M138*21
[2022-10-08 15:23:06.992] $RT OK*22
[2022-10-08 15:23:08.688] $CS DI=0x003431,DN=M138*21
[2022-10-08 15:23:08.798] $RT OK*22
[2022-10-08 15:23:09.095] $RT 0*16
[2022-10-08 15:23:09.197] $PW OK*23
[2022-10-08 15:23:09.197] $PW 0*17
[2022-10-08 15:23:09.291] $DT OK*34
[2022-10-08 15:23:09.307] $DT 0*00
[2022-10-08 15:23:09.400] $GS OK*30
[2022-10-08 15:23:09.400] $GS 0*04
[2022-10-08 15:23:09.510] $GJ OK*29
[2022-10-08 15:23:09.510] $GJ 0*1d
[2022-10-08 15:23:09.604] $GN OK*2d
[2022-10-08 15:23:09.619] $GN 0*19
[2022-10-08 15:23:09.619] $PW 3.19300,0.00000,0.00000,0.00000,29.0*3a
[2022-10-08 15:23:09.619] $GN 52.2782,20.8092,95,281,1*26
[2022-10-08 15:24:51.989] $CS DI=0x003431,DN=M138*21
[2022-10-08 15:24:52.114] $RT OK*22
[2022-10-08 15:24:53.802] $CS DI=0x003431,DN=M138*21
[2022-10-08 15:24:53.912] $RT OK*22
[2022-10-08 15:24:54.209] $RT 0*16
[2022-10-08 15:24:54.309] $PW OK*23
[2022-10-08 15:24:54.309] $PW 0*17
[2022-10-08 15:24:54.419] $DT OK*34
[2022-10-08 15:24:54.419] $DT 0*00
[2022-10-08 15:24:54.528] $GS OK*30
[2022-10-08 15:24:54.528] $GS 0*04
[2022-10-08 15:24:54.622] $GJ OK*29
[2022-10-08 15:24:54.622] $GJ 0*1d
[2022-10-08 15:24:54.731] $GN OK*2d
[2022-10-08 15:24:54.747] $GN 0*19
[2022-10-08 15:24:54.747] $PW 3.19300,0.00000,0.00000,0.00000,30.0*32
[2022-10-08 15:24:54.747] $GN 52.2782,20.8094,79,281,1*22
[2022-10-08 15:24:54.762] $SL OK*3b
[2022-10-08 15:25:03.920] $SL WAKE,TIME @ 2022-10-08T13:25:04*00
[2022-10-08 15:26:19.279] $CS DI=0x003431,DN=M138*21
[2022-10-08 15:26:19.373] $RT OK*22
[2022-10-08 15:26:21.086] $CS DI=0x003431,DN=M138*21
[2022-10-08 15:26:21.195] $RT OK*22
[2022-10-08 15:26:21.390] $RT 0*16
[2022-10-08 15:26:21.485] $PW OK*23
[2022-10-08 15:26:21.485] $PW 0*17
[2022-10-08 15:26:21.595] $DT OK*34
[2022-10-08 15:26:21.595] $DT 0*00
[2022-10-08 15:26:21.688] $GS OK*30
[2022-10-08 15:26:21.688] $GS 0*04
[2022-10-08 15:26:21.813] $GJ OK*29
[2022-10-08 15:26:21.813] $GJ 0*1d
[2022-10-08 15:26:21.907] $GN OK*2d
[2022-10-08 15:26:21.907] $GN 0*19
[2022-10-08 15:26:21.923] $PW 3.17400,0.00000,0.00000,0.00000,29.0*33
[2022-10-08 15:26:21.923] $GN 0.0000,0.0000,0,0,0*19
[2022-10-08 15:26:21.923] $SL OK*3b
[2022-10-08 15:26:31.910] $SL WAKE,TIME @ 2022-10-08T13:26:32*06
[2022-10-08 15:29:11.076] $CS DI=0x003431,DN=M138*21
[2022-10-08 15:29:11.185] $RT OK*22
[2022-10-08 15:29:12.892] $CS DI=0x003431,DN=M138*21
[2022-10-08 15:29:13.017] $RT OK*22
[2022-10-08 15:29:13.189] $RT 0*16
[2022-10-08 15:29:13.291] $PW OK*23
[2022-10-08 15:29:13.307] $PW 0*17
[2022-10-08 15:29:13.401] $DT OK*34
[2022-10-08 15:29:13.401] $DT 0*00
[2022-10-08 15:29:13.510] $GS OK*30
[2022-10-08 15:29:13.510] $GS 0*04
[2022-10-08 15:29:13.619] $GJ OK*29
[2022-10-08 15:29:13.619] $GJ 0*1d
[2022-10-08 15:29:13.729] $GN OK*2d
[2022-10-08 15:29:13.729] $GN 0*19
[2022-10-08 15:29:13.729] $PW 3.17400,0.00000,0.00000,0.00000,28.0*32
[2022-10-08 15:29:13.744] $GN 0.0000,0.0000,0,0,0*19
[2022-10-08 15:29:13.744] $SL OK*3b
[2022-10-08 15:29:22.911] $SL WAKE,TIME @ 2022-10-08T13:29:23*09
[2022-10-08 15:29:30.371] $CS DI=0x003431,DN=M138*21
[2022-10-08 15:29:30.480] $RT OK*22
[2022-10-08 15:29:32.180] $CS DI=0x003431,DN=M138*21
[2022-10-08 15:29:32.290] $RT OK*22
[2022-10-08 15:29:32.477] $RT 0*16
[2022-10-08 15:29:32.578] $PW OK*23
[2022-10-08 15:29:32.578] $PW 0*17
[2022-10-08 15:29:32.688] $DT OK*34
[2022-10-08 15:29:32.688] $DT 0*00
[2022-10-08 15:29:32.797] $GS OK*30
[2022-10-08 15:29:32.797] $GS 0*04
[2022-10-08 15:29:32.906] $GJ OK*29
[2022-10-08 15:29:32.906] $GJ 0*1d
[2022-10-08 15:29:33.000] $GN OK*2d
[2022-10-08 15:29:33.000] $GN 0*19
[2022-10-08 15:29:33.016] $PW 3.17400,0.00000,0.00000,0.00000,29.0*33
[2022-10-08 15:29:33.016] $GN 0.0000,0.0000,0,0,0*19
[2022-10-08 15:29:33.031] $SL OK*3b
[2022-10-08 15:29:42.920] $SL WAKE,TIME @ 2022-10-08T13:29:43*0f
[2022-10-08 15:32:26.893] $CS DI=0x003431,DN=M138*21
[2022-10-08 15:32:27.003] $RT OK*22
[2022-10-08 15:32:28.723] $CS DI=0x003431,DN=M138*21
[2022-10-08 15:32:28.832] $RT OK*22
[2022-10-08 15:32:29.137] $RT 0*16
[2022-10-08 15:32:29.231] $PW OK*23
[2022-10-08 15:32:29.231] $PW 0*17
[2022-10-08 15:32:29.341] $DT OK*34
[2022-10-08 15:32:29.341] $DT 0*00
[2022-10-08 15:32:29.450] $GS OK*30
[2022-10-08 15:32:29.450] $GS 0*04
[2022-10-08 15:32:29.560] $GJ OK*29
[2022-10-08 15:32:29.560] $GJ 0*1d
[2022-10-08 15:32:29.677] $GN OK*2d
[2022-10-08 15:32:29.677] $GN 0*19
[2022-10-08 15:32:29.692] $PW 3.17200,0.00000,0.00000,0.00000,29.0*35
[2022-10-08 15:32:54.811] $M138 POSITION*4e
[2022-10-08 15:32:54.811] = HAL_OK
[2022-10-08 15:32:54.811] = HAL_OK
[2022-10-08 15:32:54.826] $PW 3.19000,0.00000,0.00000,0.00000,30.0*31
[2022-10-08 15:32:54.826] $GN 52.2782,20.8092,98,57,1*12
[2022-10-08 15:32:54.826] $SL OK*3b
[2022-10-08 15:33:04.047] $SL WAKE,TIME @ 2022-10-08T13:33:05*06
[2022-10-08 15:36:29.415] $CS DI=0x003431,DN=M138*21
[2022-10-08 15:36:29.524] $RT OK*22
[2022-10-08 15:36:31.225] $CS DI=0x003431,DN=M138*21
[2022-10-08 15:36:31.335] $RT OK*22
[2022-10-08 15:36:31.522] $RT 0*16
[2022-10-08 15:36:31.624] $PW OK*23
[2022-10-08 15:36:31.624] $PW 0*17
[2022-10-08 15:36:31.733] $DT OK*34
[2022-10-08 15:36:31.749] $DT 0*00
[2022-10-08 15:36:31.843] $GS OK*30
[2022-10-08 15:36:31.843] $GS 0*04
[2022-10-08 15:36:31.963] $GJ OK*29
[2022-10-08 15:36:31.963] $GJ 0*1d
[2022-10-08 15:36:32.075] $GN OK*2d
[2022-10-08 15:36:32.076] $GN 0*19
[2022-10-08 15:36:32.083] $PW 3.19000,0.00000,0.00000,0.00000,30.0*31
[2022-10-08 15:36:32.090] $GN 52.2780,20.8090,79,205,3*2a
[2022-10-08 15:36:32.095] $SL OK*3b
[2022-10-08 15:36:42.048] $SL WAKE,TIME @ 2022-10-08T13:36:43*01
[2022-10-08 15:38:23.279] $CS DI=0x003431,DN=M138*21
[2022-10-08 15:38:23.404] $RT OK*22
[2022-10-08 15:38:25.117] $CS DI=0x003431,DN=M138*21
[2022-10-08 15:38:25.214] $RT OK*22
[2022-10-08 15:38:25.406] $RT 0*16
[2022-10-08 15:38:25.523] $PW OK*23
[2022-10-08 15:38:25.523] $PW 0*17
[2022-10-08 15:38:25.632] $DT OK*34
[2022-10-08 15:38:25.632] $DT 0*00
[2022-10-08 15:38:25.745] $GS OK*30
[2022-10-08 15:38:25.745] $GS 0*04
[2022-10-08 15:38:25.853] $GJ OK*29
[2022-10-08 15:38:25.853] $GJ 0*1d
[2022-10-08 15:38:25.978] $GN OK*2d
[2022-10-08 15:38:25.978] $GN 0*19
[2022-10-08 15:38:25.978] $PW 3.18800,0.00000,0.00000,0.00000,30.0*38
[2022-10-08 15:38:25.993] $GN 52.2782,20.8092,86,189,2*2c
[2022-10-08 15:38:25.993] $SL OK*3b
[2022-10-08 15:38:36.051] $SL WAKE,TIME @ 2022-10-08T13:38:37*0c
