
[2022-10-08 15:40:42.607] $CS DI=0x003431,DN=M138*21
[2022-10-08 15:40:42.716] $RT OK*22
[2022-10-08 15:40:42.716] $RT 0*16
[2022-10-08 15:40:42.826] $PW OK*23
[2022-10-08 15:40:42.826] $PW 0*17
[2022-10-08 15:40:42.935] $DT OK*34
[2022-10-08 15:40:44.584] $CS DI=0x003431,DN=M138*21
[2022-10-08 15:40:44.709] $RT OK*22
[2022-10-08 15:40:44.991] $RT 0*16
[2022-10-08 15:40:45.094] $PW OK*23
[2022-10-08 15:40:45.094] $PW 0*17
[2022-10-08 15:40:45.203] $DT OK*34
[2022-10-08 15:40:45.203] $DT 0*00
[2022-10-08 15:40:45.313] $GS OK*30
[2022-10-08 15:40:45.313] $GS 0*04
[2022-10-08 15:40:45.422] $GJ OK*29
[2022-10-08 15:40:45.422] $GJ 0*1d
[2022-10-08 15:40:45.531] $GN OK*2d
[2022-10-08 15:40:45.531] $GN 0*19
[2022-10-08 15:40:45.531] $PW 3.19300,0.00000,0.00000,0.00000,29.0*3a
[2022-10-08 15:40:45.547] $GN 0.0000,0.0000,0,0,0*19
[2022-10-08 15:40:45.547] $SL OK*3b
[2022-10-08 15:40:55.052] $SL WAKE,TIME @ 2022-10-08T13:40:56*04
[2022-10-08 15:46:00.452] $CS DI=0x003431,DN=M138*21
[2022-10-08 15:46:00.577] $RT OK*22
[2022-10-08 15:46:02.256] $CS DI=0x003431,DN=M138*21
[2022-10-08 15:46:02.365] $RT OK*22
[2022-10-08 15:46:02.553] $RT 0*16
[2022-10-08 15:46:02.671] $PW OK*23
[2022-10-08 15:46:02.671] $PW 0*17
[2022-10-08 15:46:02.765] $DT OK*34
[2022-10-08 15:46:02.765] $DT 0*00
[2022-10-08 15:46:02.890] $GS OK*30
[2022-10-08 15:46:02.890] $GS 0*04
[2022-10-08 15:46:02.999] $GJ OK*29
[2022-10-08 15:46:02.999] $GJ 0*1d
[2022-10-08 15:46:03.108] $GN OK*2d
[2022-10-08 15:46:03.108] $GN 0*19
[2022-10-08 15:46:03.124] $PW 3.18800,0.00000,0.00000,0.00000,28.0*31
[2022-10-08 15:46:03.124] $GN 52.2781,20.8091,64,198,2*20
[2022-10-08 15:46:03.124] $SL OK*3b
[2022-10-08 15:46:13.049] $SL WAKE,TIME @ 2022-10-08T13:46:14*04
