
[2022-10-03 22:47:46.223] $CS DI=0x003431,DN=M138*21
[2022-10-03 22:47:46.249] $RT OK*22
[2022-10-03 22:47:46.249] $CS DI=0x003431,DN=M138*21
[2022-10-03 22:47:46.249] $RT OK*22
[2022-10-03 22:47:46.249] $RT 0*16
[2022-10-03 22:47:46.249] $PW OK*23
[2022-10-03 22:47:46.249] $PW 0*17
[2022-10-03 22:47:46.249] $DT OK*34
[2022-10-03 22:47:46.249] $DT 0*00
[2022-10-03 22:47:46.249] $GS OK*30
[2022-10-03 22:47:46.249] $GS 0*04
[2022-10-03 22:47:46.249] $GJ OK*29
[2022-10-03 22:47:46.249] $GJ 0*1d
[2022-10-03 22:47:46.249] $GN OK*2d
[2022-10-03 22:47:46.249] $GN 0*19
[2022-10-03 22:47:46.249] $PW 3.19300,0.00000,0.00000,0.00000,29.0*3a
[2022-10-03 22:47:46.249] $PW 3.19300,0.00000,0.00000,0.00000,28.0*3b
[2022-10-03 22:47:46.249] $PW 3.19500,0.00000,0.00000,0.00000,28.0*3d
[2022-10-03 22:47:46.249] $PW 3.19500,0.00000,0.00000,0.00000,28.0*3d
[2022-10-03 22:47:46.249] $PW 3.19500,0.00000,0.00000,0.00000,28.0*3d
[2022-10-03 22:47:46.249] $PW 3.19500,0.00000,0.00000,0.00000,29.0*3c
[2022-10-03 22:47:46.249] $PW 3.19000,0.00000,0.00000,0.00000,27.0*37
[2022-10-03 22:47:46.249] $PW 3.19300,0.00000,0.00000,0.00000,28.0*3b
[2022-10-03 22:47:46.249] $PW 3.19500,0.00000,0.00000,0.00000,28.0*3d
[2022-10-03 22:47:46.249] $PW 3.19300,0.00000,0.00000,0.00000,27.0*34
[2022-10-03 22:47:46.249] $PW 3.19000,0.00000,0.00000,0.00000,27.0*37
[2022-10-03 22:47:46.249] $PW 3.19300,0.00000,0.00000,0.00000,28.0*3b
[2022-10-03 22:47:46.249] $PW 3.19500,0.00000,0.00000,0.00000,28.0*3d
[2022-10-03 22:47:46.249] $PW 3.17800,0.00000,0.00000,0.00000,26.0*30
[2022-10-03 22:47:46.249] $PW 3.18800,0.00000,0.00000,0.00000,28.0*31
[2022-10-03 22:47:46.249] $PW 3.19500,0.00000,0.00000,0.00000,28.0*3d
[2022-10-03 22:47:46.249] $PW 3.19500,0.00000,0.00000,0.00000,27.0*32
[2022-10-03 22:47:46.249] $PW 3.19300,0.00000,0.00000,0.00000,27.0*34
[2022-10-03 22:47:46.249] $PW 3.19500,0.00000,0.00000,0.00000,28.0*3d
[2022-10-03 22:47:46.254] $PW 3.19300,0.00000,0.00000,0.00000,27.0*34
[2022-10-03 22:47:46.254] $PW 3.19300,0.00000,0.00000,0.00000,27.0*34
[2022-10-03 22:47:46.254] $PW 3.19300,0.00000,0.00000,0.00000,28.0*3b
[2022-10-03 22:47:46.254] $PW 3.17800,0.00000,0.00000,0.00000,26.0*30
[2022-10-03 22:47:46.254] $PW 3.19500,0.00000,0.00000,0.00000,28.0*3d
[2022-10-03 22:47:46.254] $PW 3.19500,0.00000,0.00000,0.00000,28.0*3d
[2022-10-03 22:47:46.254] $PW 3.19300,0.00000,0.00000,0.00000,28.0*3b
[2022-10-03 22:47:46.254] $PW 3.19500,0.00000,0.00000,0.00000,28.0*3d
[2022-10-03 22:47:46.254] $PW 3.19300,0.00000,0.00000,0.00000,27.0*34
[2022-10-03 22:47:46.254] $PW 3.19000,0.00000,0.00000,0.00000,27.0*37
[2022-10-03 22:47:46.254] $PW 3.19300,0.00000,0.00000,0.00000,28.0*3b
[2022-10-03 22:47:46.254] $PW 3.19500,0.00000,0.00000,0.00000,28.0*3d
[2022-10-03 22:47:46.254] $PW 3.17800,0.00000,0.00000,0.00000,26.0*30
[2022-10-03 22:47:46.254] $PW 3.19300,0.00000,0.00000,0.00000,28.0*3b
[2022-10-03 22:47:46.254] $PW 3.19300,0.00000,0.00000,0.00000,27.0*34
[2022-10-03 22:47:47.950] $PW 3.19300,0.00000,0.00000,0.00000,27.0*34
[2022-10-03 22:47:49.958] $PW 3.19500,0.00000,0.00000,0.00000,28.0*3d
[2022-10-03 22:47:51.968] $PW 3.19300,0.00000,0.00000,0.00000,27.0*34
[2022-10-03 22:47:53.976] $PW 3.19500,0.00000,0.00000,0.00000,28.0*3d
[2022-10-03 22:47:55.985] $PW 3.19300,0.00000,0.00000,0.00000,28.0*3b
[2022-10-03 22:47:57.994] $PW 3.19700,0.00000,0.00000,0.00000,28.0*3f
[2022-10-03 22:48:00.005] $PW 3.17600,0.00000,0.00000,0.00000,26.0*3e
[2022-10-03 22:48:02.014] $PW 3.19300,0.00000,0.00000,0.00000,27.0*34
[2022-10-03 22:48:04.022] $PW 3.19500,0.00000,0.00000,0.00000,28.0*3d
[2022-10-03 22:48:06.031] $PW 3.19500,0.00000,0.00000,0.00000,28.0*3d
[2022-10-03 22:48:08.040] $PW 3.19500,0.00000,0.00000,0.00000,28.0*3d
[2022-10-03 22:48:10.049] $PW 3.17800,0.00000,0.00000,0.00000,26.0*30
[2022-10-03 22:48:12.058] $PW 3.19500,0.00000,0.00000,0.00000,29.0*3c
[2022-10-03 22:48:14.066] $PW 3.19500,0.00000,0.00000,0.00000,28.0*3d
[2022-10-03 22:48:16.075] $PW 3.19500,0.00000,0.00000,0.00000,28.0*3d
[2022-10-03 22:48:18.084] $PW 3.19300,0.00000,0.00000,0.00000,27.0*34
[2022-10-03 22:48:20.094] $PW 3.17800,0.00000,0.00000,0.00000,26.0*30
[2022-10-03 22:48:22.103] $PW 3.19500,0.00000,0.00000,0.00000,29.0*3c
[2022-10-03 22:48:24.111] $PW 3.19500,0.00000,0.00000,0.00000,28.0*3d
[2022-10-03 22:48:26.120] $PW 3.19300,0.00000,0.00000,0.00000,27.0*34
[2022-10-03 22:48:28.130] $PW 3.19500,0.00000,0.00000,0.00000,28.0*3d
[2022-10-03 22:48:30.138] $PW 3.19500,0.00000,0.00000,0.00000,28.0*3d
[2022-10-03 22:48:32.147] $PW 3.19300,0.00000,0.00000,0.00000,28.0*3b
[2022-10-03 22:48:34.158] $PW 3.19500,0.00000,0.00000,0.00000,28.0*3d
[2022-10-03 22:48:36.166] $PW 3.19300,0.00000,0.00000,0.00000,28.0*3b
[2022-10-03 22:48:38.174] $PW 3.18000,0.00000,0.00000,0.00000,26.0*37
[2022-10-03 22:48:40.184] $PW 3.19500,0.00000,0.00000,0.00000,28.0*3d
[2022-10-03 22:48:42.193] $PW 3.19500,0.00000,0.00000,0.00000,28.0*3d
[2022-10-03 22:48:44.203] $PW 3.19300,0.00000,0.00000,0.00000,27.0*34
[2022-10-03 22:48:46.211] $PW 3.19000,0.00000,0.00000,0.00000,27.0*37
[2022-10-03 22:48:48.221] $PW 3.17800,0.00000,0.00000,0.00000,26.0*30
[2022-10-03 22:48:50.230] $PW 3.19300,0.00000,0.00000,0.00000,29.0*3a
[2022-10-03 22:48:52.239] $PW 3.19500,0.00000,0.00000,0.00000,28.0*3d
[2022-10-03 22:48:54.248] $PW 3.19000,0.00000,0.00000,0.00000,27.0*37
[2022-10-03 22:48:56.256] $PW 3.19500,0.00000,0.00000,0.00000,28.0*3d
[2022-10-03 22:48:58.265] $PW 3.19300,0.00000,0.00000,0.00000,27.0*34
[2022-10-03 22:49:00.273] $PW 3.19500,0.00000,0.00000,0.00000,28.0*3d
[2022-10-03 22:49:02.282] $PW 3.18800,0.00000,0.00000,0.00000,27.0*3e
[2022-10-03 22:49:04.291] $PW 3.19700,0.00000,0.00000,0.00000,28.0*3f
[2022-10-03 22:49:06.300] $PW 3.17800,0.00000,0.00000,0.00000,26.0*30
[2022-10-03 22:49:08.308] $PW 3.19500,0.00000,0.00000,0.00000,28.0*3d
[2022-10-03 22:49:10.318] $PW 3.19300,0.00000,0.00000,0.00000,29.0*3a
[2022-10-03 22:49:12.325] $PW 3.19300,0.00000,0.00000,0.00000,27.0*34
[2022-10-03 22:49:14.335] $PW 3.19500,0.00000,0.00000,0.00000,28.0*3d
[2022-10-03 22:49:16.343] $PW 3.17600,0.00000,0.00000,0.00000,26.0*3e
[2022-10-03 22:49:18.352] $PW 3.19500,0.00000,0.00000,0.00000,29.0*3c
[2022-10-03 22:49:20.361] $PW 3.19500,0.00000,0.00000,0.00000,28.0*3d
[2022-10-03 22:49:22.369] $PW 3.19300,0.00000,0.00000,0.00000,27.0*34
[2022-10-03 22:49:24.378] $PW 3.19500,0.00000,0.00000,0.00000,28.0*3d
[2022-10-03 22:49:26.388] $PW 3.17800,0.00000,0.00000,0.00000,26.0*30
[2022-10-03 22:49:28.396] $PW 3.19300,0.00000,0.00000,0.00000,29.0*3a
[2022-10-03 22:49:30.405] $PW 3.19000,0.00000,0.00000,0.00000,27.0*37
[2022-10-03 22:49:32.414] $PW 3.19300,0.00000,0.00000,0.00000,27.0*34
[2022-10-03 22:49:34.423] $PW 3.19300,0.00000,0.00000,0.00000,27.0*34
[2022-10-03 22:49:36.433] $PW 3.19300,0.00000,0.00000,0.00000,27.0*34
[2022-10-03 22:49:38.440] $PW 3.19000,0.00000,0.00000,0.00000,27.0*37
[2022-10-03 22:49:40.450] $PW 3.19300,0.00000,0.00000,0.00000,27.0*34
[2022-10-03 22:49:42.459] $PW 3.19000,0.00000,0.00000,0.00000,27.0*37
[2022-10-03 22:49:44.468] $PW 3.17800,0.00000,0.00000,0.00000,26.0*30
[2022-10-03 22:49:53.066] $CS DI=0x003431,DN=M138*21
[2022-10-03 22:49:53.177] $RT OK*22
[2022-10-03 22:49:54.834] $CS DI=0x003431,DN=M138*21
[2022-10-03 22:49:54.933] $RT OK*22
[2022-10-03 22:49:55.232] $RT 0*16
[2022-10-03 22:49:55.349] $PW OK*23
[2022-10-03 22:49:55.352] $PW 0*17
[2022-10-03 22:49:55.449] $DT OK*34
[2022-10-03 22:49:55.450] $DT 0*00
[2022-10-03 22:49:55.565] $GS OK*30
[2022-10-03 22:49:55.567] $GS 0*04
[2022-10-03 22:49:55.670] $GJ OK*29
[2022-10-03 22:49:55.672] $GJ 0*1d
[2022-10-03 22:49:55.783] $GN OK*2d
[2022-10-03 22:49:55.786] $GN 0*19
[2022-10-03 22:49:57.794] $PW 3.19300,0.00000,0.00000,0.00000,29.0*3a
[2022-10-03 22:49:59.804] $PW 3.18800,0.00000,0.00000,0.00000,27.0*3e
[2022-10-03 22:50:01.813] $PW 3.19500,0.00000,0.00000,0.00000,28.0*3d
[2022-10-03 22:50:03.822] $PW 3.19300,0.00000,0.00000,0.00000,27.0*34
[2022-10-03 22:50:05.831] $PW 3.18200,0.00000,0.00000,0.00000,27.0*34
[2022-10-03 22:50:07.840] $PW 3.19500,0.00000,0.00000,0.00000,29.0*3c
[2022-10-03 22:50:09.849] $PW 3.19300,0.00000,0.00000,0.00000,27.0*34
[2022-10-03 22:50:11.858] $PW 3.19500,0.00000,0.00000,0.00000,28.0*3d
[2022-10-03 22:50:13.868] $PW 3.18800,0.00000,0.00000,0.00000,27.0*3e
[2022-10-03 22:50:15.876] $PW 3.19300,0.00000,0.00000,0.00000,27.0*34
[2022-10-03 22:50:17.885] $PW 3.19300,0.00000,0.00000,0.00000,29.0*3a
[2022-10-03 22:50:19.894] $PW 3.19500,0.00000,0.00000,0.00000,28.0*3d
[2022-10-03 22:50:21.903] $PW 3.19000,0.00000,0.00000,0.00000,27.0*37
[2022-10-03 22:50:23.913] $PW 3.19500,0.00000,0.00000,0.00000,28.0*3d
[2022-10-03 22:50:25.921] $PW 3.17800,0.00000,0.00000,0.00000,26.0*30
[2022-10-03 22:50:27.929] $PW 3.19000,0.00000,0.00000,0.00000,28.0*38
[2022-10-03 22:50:29.938] $PW 3.19500,0.00000,0.00000,0.00000,28.0*3d
[2022-10-03 22:50:31.947] $PW 3.19300,0.00000,0.00000,0.00000,27.0*34
[2022-10-03 22:50:33.957] $PW 3.19500,0.00000,0.00000,0.00000,28.0*3d
[2022-10-03 22:50:35.965] $PW 3.19000,0.00000,0.00000,0.00000,27.0*37
[2022-10-03 22:50:37.974] $PW 3.19300,0.00000,0.00000,0.00000,29.0*3a
[2022-10-03 22:50:39.983] $PW 3.19500,0.00000,0.00000,0.00000,28.0*3d
[2022-10-03 22:50:41.992] $PW 3.19500,0.00000,0.00000,0.00000,28.0*3d
[2022-10-03 22:50:44.001] $PW 3.17800,0.00000,0.00000,0.00000,26.0*30
[2022-10-03 22:50:46.010] $PW 3.19300,0.00000,0.00000,0.00000,28.0*3b
[2022-10-03 22:50:48.019] $PW 3.19300,0.00000,0.00000,0.00000,27.0*34
[2022-10-03 22:50:50.027] $PW 3.19500,0.00000,0.00000,0.00000,28.0*3d
[2022-10-03 22:50:52.037] $PW 3.19500,0.00000,0.00000,0.00000,28.0*3d
[2022-10-03 22:50:54.045] $PW 3.18000,0.00000,0.00000,0.00000,26.0*37
[2022-10-03 22:50:56.053] $PW 3.19500,0.00000,0.00000,0.00000,28.0*3d
[2022-10-03 22:50:58.062] $PW 3.19300,0.00000,0.00000,0.00000,27.0*34
[2022-10-03 22:51:00.070] $PW 3.19500,0.00000,0.00000,0.00000,28.0*3d
[2022-10-03 22:51:02.079] $PW 3.19000,0.00000,0.00000,0.00000,27.0*37
[2022-10-03 22:51:04.087] $PW 3.17800,0.00000,0.00000,0.00000,26.0*30
[2022-10-03 22:51:06.096] $PW 3.19300,0.00000,0.00000,0.00000,27.0*34
[2022-10-03 22:51:08.105] $PW 3.19500,0.00000,0.00000,0.00000,28.0*3d
[2022-10-03 22:51:10.114] $PW 3.19000,0.00000,0.00000,0.00000,27.0*37
[2022-10-03 22:51:12.123] $PW 3.19000,0.00000,0.00000,0.00000,27.0*37
[2022-10-03 22:51:14.131] $PW 3.18000,0.00000,0.00000,0.00000,26.0*37
[2022-10-03 22:51:16.140] $PW 3.19500,0.00000,0.00000,0.00000,28.0*3d
[2022-10-03 22:51:18.149] $PW 3.19300,0.00000,0.00000,0.00000,27.0*34
[2022-10-03 22:51:20.158] $PW 3.19500,0.00000,0.00000,0.00000,28.0*3d
[2022-10-03 22:51:22.168] $PW 3.19300,0.00000,0.00000,0.00000,27.0*34
[2022-10-03 22:51:24.176] $PW 3.17800,0.00000,0.00000,0.00000,26.0*30
[2022-10-03 22:51:26.185] $PW 3.19500,0.00000,0.00000,0.00000,28.0*3d
[2022-10-03 22:51:28.194] $PW 3.19500,0.00000,0.00000,0.00000,28.0*3d
[2022-10-03 22:51:30.202] $PW 3.19300,0.00000,0.00000,0.00000,27.0*34
[2022-10-03 22:51:32.211] $PW 3.19500,0.00000,0.00000,0.00000,28.0*3d
[2022-10-03 22:51:34.221] $PW 3.17800,0.00000,0.00000,0.00000,26.0*30
[2022-10-03 22:51:36.229] $PW 3.19300,0.00000,0.00000,0.00000,29.0*3a
[2022-10-03 22:51:38.238] $PW 3.19000,0.00000,0.00000,0.00000,27.0*37
[2022-10-03 22:51:46.521] $CS DI=0x003431,DN=M138*21
[2022-10-03 22:51:46.623] $RT OK*22
[2022-10-03 22:51:48.315] $CS DI=0x003431,DN=M138*21
[2022-10-03 22:51:48.427] $RT OK*22
[2022-10-03 22:51:48.608] $RT 0*16
[2022-10-03 22:51:48.706] $PW OK*23
[2022-10-03 22:51:48.710] $PW 0*17
[2022-10-03 22:51:48.823] $DT OK*34
[2022-10-03 22:51:48.824] $DT 0*00
[2022-10-03 22:51:48.923] $GS OK*30
[2022-10-03 22:51:48.925] $GS 0*04
[2022-10-03 22:51:49.040] $GJ OK*29
[2022-10-03 22:51:49.042] $GJ 0*1d
[2022-10-03 22:51:49.139] $GN OK*2d
[2022-10-03 22:51:49.141] $GN 0*19
[2022-10-03 22:51:51.150] $PW 3.19300,0.00000,0.00000,0.00000,27.0*34
[2022-10-03 22:51:53.159] $PW 3.19300,0.00000,0.00000,0.00000,27.0*34
[2022-10-03 22:51:55.168] $PW 3.19500,0.00000,0.00000,0.00000,28.0*3d
[2022-10-03 22:51:57.178] $PW 3.17600,0.00000,0.00000,0.00000,26.0*3e
[2022-10-03 22:51:59.186] $PW 3.19500,0.00000,0.00000,0.00000,29.0*3c
[2022-10-03 22:52:01.194] $PW 3.19500,0.00000,0.00000,0.00000,28.0*3d
[2022-10-03 22:52:03.203] $PW 3.19300,0.00000,0.00000,0.00000,27.0*34
[2022-10-03 22:52:05.212] $PW 3.19500,0.00000,0.00000,0.00000,28.0*3d
[2022-10-03 22:52:07.221] $PW 3.17600,0.00000,0.00000,0.00000,26.0*3e
[2022-10-03 22:52:09.229] $PW 3.19500,0.00000,0.00000,0.00000,29.0*3c
[2022-10-03 22:52:11.238] $PW 3.19500,0.00000,0.00000,0.00000,28.0*3d
[2022-10-03 22:52:13.246] $PW 3.19000,0.00000,0.00000,0.00000,27.0*37
[2022-10-03 22:52:15.255] $PW 3.19000,0.00000,0.00000,0.00000,27.0*37
[2022-10-03 22:52:17.263] $PW 3.17400,0.00000,0.00000,0.00000,26.0*3c
[2022-10-03 22:52:19.273] $PW 3.19500,0.00000,0.00000,0.00000,29.0*3c
[2022-10-03 22:52:21.280] $PW 3.19000,0.00000,0.00000,0.00000,27.0*37
[2022-10-03 22:52:23.289] $PW 3.19300,0.00000,0.00000,0.00000,27.0*34
[2022-10-03 22:52:25.297] $PW 3.19300,0.00000,0.00000,0.00000,27.0*34
[2022-10-03 22:52:32.054] $CS DI=0x003431,DN=M138*21
[2022-10-03 22:52:32.167] $RT OK*22
[2022-10-03 22:52:33.815] $CS DI=0x003431,DN=M138*21
[2022-10-03 22:52:33.911] $RT OK*22
[2022-10-03 22:52:34.107] $RT 0*16
[2022-10-03 22:52:34.218] $PW OK*23
[2022-10-03 22:52:34.220] $PW 0*17
[2022-10-03 22:52:34.319] $DT OK*34
[2022-10-03 22:52:34.322] $DT 0*00
[2022-10-03 22:52:34.432] $GS OK*30
[2022-10-03 22:52:34.434] $GS 0*04
[2022-10-03 22:52:34.531] $GJ OK*29
[2022-10-03 22:52:34.533] $GJ 0*1d
[2022-10-03 22:52:34.647] $GN OK*2d
[2022-10-03 22:52:34.648] $GN 0*19
[2022-10-03 22:52:36.656] $PW 3.19000,0.00000,0.00000,0.00000,28.0*38
[2022-10-03 22:52:38.664] $PW 3.19300,0.00000,0.00000,0.00000,28.0*3b
[2022-10-03 22:52:40.674] $PW 3.19000,0.00000,0.00000,0.00000,28.0*38
[2022-10-03 22:52:42.682] $PW 3.17600,0.00000,0.00000,0.00000,27.0*3f
[2022-10-03 22:52:44.692] $PW 3.18400,0.00000,0.00000,0.00000,27.0*32
[2022-10-03 22:52:46.701] $PW 3.19300,0.00000,0.00000,0.00000,28.0*3b
[2022-10-03 22:52:48.709] $PW 3.19300,0.00000,0.00000,0.00000,28.0*3b
[2022-10-03 22:52:50.718] $PW 3.19300,0.00000,0.00000,0.00000,28.0*3b
